[15-Jun-2023 04:30:33 UTC] PHP Warning:  Undefined array key "type" in D:\wordpress\wp-local\headless-cms\app\public\wp-content\plugins\taskbook\includes\CMB2\includes\CMB2.php on line 1553
[15-Jun-2023 04:30:56 UTC] PHP Warning:  Undefined array key "type" in D:\wordpress\wp-local\headless-cms\app\public\wp-content\plugins\taskbook\includes\CMB2\includes\CMB2.php on line 1553
[15-Jun-2023 04:30:56 UTC] PHP Warning:  Undefined array key "type" in D:\wordpress\wp-local\headless-cms\app\public\wp-content\plugins\taskbook\includes\CMB2\includes\CMB2.php on line 1553
[15-Jun-2023 04:30:56 UTC] PHP Warning:  Undefined array key "type" in D:\wordpress\wp-local\headless-cms\app\public\wp-content\plugins\taskbook\includes\CMB2\includes\CMB2_Field.php on line 1371
[15-Jun-2023 04:30:56 UTC] PHP Warning:  Undefined array key "type" in D:\wordpress\wp-local\headless-cms\app\public\wp-content\plugins\taskbook\includes\CMB2\includes\CMB2.php on line 448
[15-Jun-2023 04:30:56 UTC] PHP Warning:  Undefined array key "type" in D:\wordpress\wp-local\headless-cms\app\public\wp-content\plugins\taskbook\includes\CMB2\includes\CMB2.php on line 455
[15-Jun-2023 04:31:02 UTC] PHP Warning:  Undefined array key "type" in D:\wordpress\wp-local\headless-cms\app\public\wp-content\plugins\taskbook\includes\CMB2\includes\CMB2.php on line 1553
[15-Jun-2023 04:31:03 UTC] PHP Warning:  Undefined array key "type" in D:\wordpress\wp-local\headless-cms\app\public\wp-content\plugins\taskbook\includes\CMB2\includes\CMB2.php on line 1553
[15-Jun-2023 04:31:03 UTC] PHP Warning:  Undefined array key "type" in D:\wordpress\wp-local\headless-cms\app\public\wp-content\plugins\taskbook\includes\CMB2\includes\CMB2.php on line 1553
[15-Jun-2023 04:31:03 UTC] PHP Warning:  Undefined array key "type" in D:\wordpress\wp-local\headless-cms\app\public\wp-content\plugins\taskbook\includes\CMB2\includes\CMB2.php on line 1553
[15-Jun-2023 04:31:03 UTC] PHP Warning:  Undefined array key "type" in D:\wordpress\wp-local\headless-cms\app\public\wp-content\plugins\taskbook\includes\CMB2\includes\CMB2.php on line 1553
[15-Jun-2023 04:31:03 UTC] PHP Warning:  Undefined array key "type" in D:\wordpress\wp-local\headless-cms\app\public\wp-content\plugins\taskbook\includes\CMB2\includes\CMB2.php on line 1553
[15-Jun-2023 04:31:03 UTC] PHP Warning:  Undefined array key "type" in D:\wordpress\wp-local\headless-cms\app\public\wp-content\plugins\taskbook\includes\CMB2\includes\CMB2.php on line 1553
[15-Jun-2023 04:31:03 UTC] PHP Warning:  Undefined array key "type" in D:\wordpress\wp-local\headless-cms\app\public\wp-content\plugins\taskbook\includes\CMB2\includes\CMB2.php on line 1553
[15-Jun-2023 04:31:04 UTC] PHP Warning:  Undefined array key "type" in D:\wordpress\wp-local\headless-cms\app\public\wp-content\plugins\taskbook\includes\CMB2\includes\CMB2.php on line 1553
[15-Jun-2023 04:31:06 UTC] PHP Warning:  Undefined array key "type" in D:\wordpress\wp-local\headless-cms\app\public\wp-content\plugins\taskbook\includes\CMB2\includes\CMB2.php on line 1553
[15-Jun-2023 04:32:03 UTC] PHP Warning:  Undefined array key "type" in D:\wordpress\wp-local\headless-cms\app\public\wp-content\plugins\taskbook\includes\CMB2\includes\CMB2.php on line 1553
[15-Jun-2023 04:33:03 UTC] PHP Warning:  Undefined array key "type" in D:\wordpress\wp-local\headless-cms\app\public\wp-content\plugins\taskbook\includes\CMB2\includes\CMB2.php on line 1553
[15-Jun-2023 04:33:42 UTC] PHP Warning:  Undefined array key "type" in D:\wordpress\wp-local\headless-cms\app\public\wp-content\plugins\taskbook\includes\CMB2\includes\CMB2.php on line 1553
[15-Jun-2023 04:33:42 UTC] PHP Warning:  Undefined array key "type" in D:\wordpress\wp-local\headless-cms\app\public\wp-content\plugins\taskbook\includes\CMB2\includes\CMB2_Field.php on line 1371
[15-Jun-2023 04:33:42 UTC] PHP Warning:  Undefined array key "type" in D:\wordpress\wp-local\headless-cms\app\public\wp-content\plugins\taskbook\includes\CMB2\includes\CMB2.php on line 1553
[15-Jun-2023 04:33:42 UTC] PHP Warning:  Undefined array key "type" in D:\wordpress\wp-local\headless-cms\app\public\wp-content\plugins\taskbook\includes\CMB2\includes\CMB2.php on line 801
[15-Jun-2023 04:33:42 UTC] PHP Warning:  Undefined array key "type" in D:\wordpress\wp-local\headless-cms\app\public\wp-content\plugins\taskbook\includes\CMB2\includes\CMB2_Field.php on line 1371
[15-Jun-2023 04:33:43 UTC] PHP Warning:  Undefined array key "type" in D:\wordpress\wp-local\headless-cms\app\public\wp-content\plugins\taskbook\includes\CMB2\includes\CMB2.php on line 1553
[15-Jun-2023 04:33:43 UTC] PHP Warning:  Undefined array key "type" in D:\wordpress\wp-local\headless-cms\app\public\wp-content\plugins\taskbook\includes\CMB2\includes\CMB2_Field.php on line 1371
[15-Jun-2023 04:33:43 UTC] PHP Warning:  Undefined array key "type" in D:\wordpress\wp-local\headless-cms\app\public\wp-content\plugins\taskbook\includes\CMB2\includes\CMB2.php on line 448
[15-Jun-2023 04:33:43 UTC] PHP Warning:  Undefined array key "type" in D:\wordpress\wp-local\headless-cms\app\public\wp-content\plugins\taskbook\includes\CMB2\includes\CMB2.php on line 455
[15-Jun-2023 04:33:55 UTC] PHP Warning:  Undefined array key "type" in D:\wordpress\wp-local\headless-cms\app\public\wp-content\plugins\taskbook\includes\CMB2\includes\CMB2.php on line 1553
[15-Jun-2023 04:33:55 UTC] PHP Warning:  Undefined array key "type" in D:\wordpress\wp-local\headless-cms\app\public\wp-content\plugins\taskbook\includes\CMB2\includes\CMB2.php on line 1553
[15-Jun-2023 04:33:55 UTC] PHP Warning:  Undefined array key "type" in D:\wordpress\wp-local\headless-cms\app\public\wp-content\plugins\taskbook\includes\CMB2\includes\CMB2_Field.php on line 1371
[15-Jun-2023 04:33:55 UTC] PHP Warning:  Undefined array key "type" in D:\wordpress\wp-local\headless-cms\app\public\wp-content\plugins\taskbook\includes\CMB2\includes\CMB2.php on line 448
[15-Jun-2023 04:33:55 UTC] PHP Warning:  Undefined array key "type" in D:\wordpress\wp-local\headless-cms\app\public\wp-content\plugins\taskbook\includes\CMB2\includes\CMB2.php on line 455
[15-Jun-2023 04:33:59 UTC] PHP Warning:  Undefined array key "type" in D:\wordpress\wp-local\headless-cms\app\public\wp-content\plugins\taskbook\includes\CMB2\includes\CMB2.php on line 1553
[15-Jun-2023 04:33:59 UTC] PHP Warning:  Undefined array key "type" in D:\wordpress\wp-local\headless-cms\app\public\wp-content\plugins\taskbook\includes\CMB2\includes\CMB2.php on line 1553
[15-Jun-2023 04:33:59 UTC] PHP Warning:  Undefined array key "type" in D:\wordpress\wp-local\headless-cms\app\public\wp-content\plugins\taskbook\includes\CMB2\includes\CMB2.php on line 1553
[15-Jun-2023 04:34:00 UTC] PHP Warning:  Undefined array key "type" in D:\wordpress\wp-local\headless-cms\app\public\wp-content\plugins\taskbook\includes\CMB2\includes\CMB2.php on line 1553
[15-Jun-2023 04:34:00 UTC] PHP Warning:  Undefined array key "type" in D:\wordpress\wp-local\headless-cms\app\public\wp-content\plugins\taskbook\includes\CMB2\includes\CMB2.php on line 1553
[15-Jun-2023 04:34:00 UTC] PHP Warning:  Undefined array key "type" in D:\wordpress\wp-local\headless-cms\app\public\wp-content\plugins\taskbook\includes\CMB2\includes\CMB2.php on line 1553
[15-Jun-2023 04:34:00 UTC] PHP Warning:  Undefined array key "type" in D:\wordpress\wp-local\headless-cms\app\public\wp-content\plugins\taskbook\includes\CMB2\includes\CMB2.php on line 1553
[15-Jun-2023 04:34:00 UTC] PHP Warning:  Undefined array key "type" in D:\wordpress\wp-local\headless-cms\app\public\wp-content\plugins\taskbook\includes\CMB2\includes\CMB2.php on line 1553
[15-Jun-2023 04:34:00 UTC] PHP Warning:  Undefined array key "type" in D:\wordpress\wp-local\headless-cms\app\public\wp-content\plugins\taskbook\includes\CMB2\includes\CMB2.php on line 1553
[15-Jun-2023 04:34:01 UTC] PHP Warning:  Undefined array key "type" in D:\wordpress\wp-local\headless-cms\app\public\wp-content\plugins\taskbook\includes\CMB2\includes\CMB2.php on line 1553
[15-Jun-2023 04:34:17 UTC] PHP Warning:  Undefined array key "type" in D:\wordpress\wp-local\headless-cms\app\public\wp-content\plugins\taskbook\includes\CMB2\includes\CMB2.php on line 1553
[15-Jun-2023 04:34:17 UTC] PHP Warning:  Undefined array key "type" in D:\wordpress\wp-local\headless-cms\app\public\wp-content\plugins\taskbook\includes\CMB2\includes\CMB2_Field.php on line 1371
[15-Jun-2023 04:34:38 UTC] PHP Warning:  Undefined array key "type" in D:\wordpress\wp-local\headless-cms\app\public\wp-content\plugins\taskbook\includes\CMB2\includes\CMB2.php on line 1553
[15-Jun-2023 04:34:38 UTC] PHP Warning:  Undefined array key "type" in D:\wordpress\wp-local\headless-cms\app\public\wp-content\plugins\taskbook\includes\CMB2\includes\CMB2.php on line 1553
[15-Jun-2023 04:34:38 UTC] PHP Warning:  Undefined array key "type" in D:\wordpress\wp-local\headless-cms\app\public\wp-content\plugins\taskbook\includes\CMB2\includes\CMB2_Field.php on line 1371
[15-Jun-2023 04:34:38 UTC] PHP Warning:  Undefined array key "type" in D:\wordpress\wp-local\headless-cms\app\public\wp-content\plugins\taskbook\includes\CMB2\includes\CMB2.php on line 448
[15-Jun-2023 04:34:38 UTC] PHP Warning:  Undefined array key "type" in D:\wordpress\wp-local\headless-cms\app\public\wp-content\plugins\taskbook\includes\CMB2\includes\CMB2.php on line 455
[15-Jun-2023 04:34:41 UTC] PHP Warning:  Undefined array key "type" in D:\wordpress\wp-local\headless-cms\app\public\wp-content\plugins\taskbook\includes\CMB2\includes\CMB2.php on line 1553
[15-Jun-2023 04:34:41 UTC] PHP Warning:  Undefined array key "type" in D:\wordpress\wp-local\headless-cms\app\public\wp-content\plugins\taskbook\includes\CMB2\includes\CMB2.php on line 1553
[15-Jun-2023 04:34:41 UTC] PHP Warning:  Undefined array key "type" in D:\wordpress\wp-local\headless-cms\app\public\wp-content\plugins\taskbook\includes\CMB2\includes\CMB2.php on line 1553
[15-Jun-2023 04:34:41 UTC] PHP Warning:  Undefined array key "type" in D:\wordpress\wp-local\headless-cms\app\public\wp-content\plugins\taskbook\includes\CMB2\includes\CMB2.php on line 1553
[15-Jun-2023 04:34:41 UTC] PHP Warning:  Undefined array key "type" in D:\wordpress\wp-local\headless-cms\app\public\wp-content\plugins\taskbook\includes\CMB2\includes\CMB2.php on line 1553
[15-Jun-2023 04:34:41 UTC] PHP Warning:  Undefined array key "type" in D:\wordpress\wp-local\headless-cms\app\public\wp-content\plugins\taskbook\includes\CMB2\includes\CMB2.php on line 1553
[15-Jun-2023 04:34:42 UTC] PHP Warning:  Undefined array key "type" in D:\wordpress\wp-local\headless-cms\app\public\wp-content\plugins\taskbook\includes\CMB2\includes\CMB2.php on line 1553
[15-Jun-2023 04:34:42 UTC] PHP Warning:  Undefined array key "type" in D:\wordpress\wp-local\headless-cms\app\public\wp-content\plugins\taskbook\includes\CMB2\includes\CMB2.php on line 1553
[15-Jun-2023 04:34:42 UTC] PHP Warning:  Undefined array key "type" in D:\wordpress\wp-local\headless-cms\app\public\wp-content\plugins\taskbook\includes\CMB2\includes\CMB2.php on line 1553
[15-Jun-2023 04:34:43 UTC] PHP Warning:  Undefined array key "type" in D:\wordpress\wp-local\headless-cms\app\public\wp-content\plugins\taskbook\includes\CMB2\includes\CMB2.php on line 1553
[15-Jun-2023 04:34:47 UTC] PHP Warning:  Undefined array key "type" in D:\wordpress\wp-local\headless-cms\app\public\wp-content\plugins\taskbook\includes\CMB2\includes\CMB2.php on line 1553
[15-Jun-2023 04:34:47 UTC] PHP Warning:  Undefined array key "type" in D:\wordpress\wp-local\headless-cms\app\public\wp-content\plugins\taskbook\includes\CMB2\includes\CMB2.php on line 1553
[15-Jun-2023 04:34:48 UTC] PHP Warning:  Undefined array key "type" in D:\wordpress\wp-local\headless-cms\app\public\wp-content\plugins\taskbook\includes\CMB2\includes\CMB2.php on line 1553
[15-Jun-2023 04:34:49 UTC] PHP Warning:  Undefined array key "type" in D:\wordpress\wp-local\headless-cms\app\public\wp-content\plugins\taskbook\includes\CMB2\includes\CMB2.php on line 1553
[15-Jun-2023 04:34:49 UTC] PHP Warning:  Undefined array key "type" in D:\wordpress\wp-local\headless-cms\app\public\wp-content\plugins\taskbook\includes\CMB2\includes\CMB2.php on line 1553
[15-Jun-2023 04:34:50 UTC] PHP Warning:  Undefined array key "type" in D:\wordpress\wp-local\headless-cms\app\public\wp-content\plugins\taskbook\includes\CMB2\includes\CMB2.php on line 1553
[15-Jun-2023 04:34:51 UTC] PHP Warning:  Undefined array key "type" in D:\wordpress\wp-local\headless-cms\app\public\wp-content\plugins\taskbook\includes\CMB2\includes\CMB2.php on line 1553
[15-Jun-2023 04:34:51 UTC] PHP Warning:  Undefined array key "type" in D:\wordpress\wp-local\headless-cms\app\public\wp-content\plugins\taskbook\includes\CMB2\includes\CMB2_Field.php on line 1371
[15-Jun-2023 04:34:51 UTC] PHP Warning:  Undefined array key "type" in D:\wordpress\wp-local\headless-cms\app\public\wp-content\plugins\taskbook\includes\CMB2\includes\CMB2.php on line 448
[15-Jun-2023 04:34:51 UTC] PHP Warning:  Undefined array key "type" in D:\wordpress\wp-local\headless-cms\app\public\wp-content\plugins\taskbook\includes\CMB2\includes\CMB2.php on line 455
[15-Jun-2023 04:34:54 UTC] PHP Warning:  Undefined array key "type" in D:\wordpress\wp-local\headless-cms\app\public\wp-content\plugins\taskbook\includes\CMB2\includes\CMB2.php on line 1553
[15-Jun-2023 04:34:54 UTC] PHP Warning:  Undefined array key "type" in D:\wordpress\wp-local\headless-cms\app\public\wp-content\plugins\taskbook\includes\CMB2\includes\CMB2.php on line 1553
[15-Jun-2023 04:34:54 UTC] PHP Warning:  Undefined array key "type" in D:\wordpress\wp-local\headless-cms\app\public\wp-content\plugins\taskbook\includes\CMB2\includes\CMB2.php on line 1553
[15-Jun-2023 04:34:54 UTC] PHP Warning:  Undefined array key "type" in D:\wordpress\wp-local\headless-cms\app\public\wp-content\plugins\taskbook\includes\CMB2\includes\CMB2.php on line 1553
[15-Jun-2023 04:34:54 UTC] PHP Warning:  Undefined array key "type" in D:\wordpress\wp-local\headless-cms\app\public\wp-content\plugins\taskbook\includes\CMB2\includes\CMB2.php on line 1553
[15-Jun-2023 04:34:54 UTC] PHP Warning:  Undefined array key "type" in D:\wordpress\wp-local\headless-cms\app\public\wp-content\plugins\taskbook\includes\CMB2\includes\CMB2.php on line 1553
[15-Jun-2023 04:34:54 UTC] PHP Warning:  Undefined array key "type" in D:\wordpress\wp-local\headless-cms\app\public\wp-content\plugins\taskbook\includes\CMB2\includes\CMB2.php on line 1553
[15-Jun-2023 04:34:54 UTC] PHP Warning:  Undefined array key "type" in D:\wordpress\wp-local\headless-cms\app\public\wp-content\plugins\taskbook\includes\CMB2\includes\CMB2.php on line 1553
[15-Jun-2023 04:34:55 UTC] PHP Warning:  Undefined array key "type" in D:\wordpress\wp-local\headless-cms\app\public\wp-content\plugins\taskbook\includes\CMB2\includes\CMB2.php on line 1553
[15-Jun-2023 04:35:01 UTC] PHP Warning:  Undefined array key "type" in D:\wordpress\wp-local\headless-cms\app\public\wp-content\plugins\taskbook\includes\CMB2\includes\CMB2.php on line 1553
[15-Jun-2023 20:08:40 UTC] PHP Warning:  Undefined array key "type" in D:\wordpress\wp-local\headless-cms\app\public\wp-content\plugins\taskbook\includes\CMB2\includes\CMB2.php on line 1553
[15-Jun-2023 20:08:41 UTC] PHP Warning:  Undefined array key "type" in D:\wordpress\wp-local\headless-cms\app\public\wp-content\plugins\taskbook\includes\CMB2\includes\CMB2.php on line 1553
[15-Jun-2023 20:08:45 UTC] PHP Warning:  Undefined array key "type" in D:\wordpress\wp-local\headless-cms\app\public\wp-content\plugins\taskbook\includes\CMB2\includes\CMB2.php on line 1553
[15-Jun-2023 20:08:45 UTC] PHP Warning:  Undefined array key "type" in D:\wordpress\wp-local\headless-cms\app\public\wp-content\plugins\taskbook\includes\CMB2\includes\CMB2.php on line 1553
[15-Jun-2023 20:08:51 UTC] PHP Warning:  Undefined array key "type" in D:\wordpress\wp-local\headless-cms\app\public\wp-content\plugins\taskbook\includes\CMB2\includes\CMB2.php on line 1553
[15-Jun-2023 20:08:54 UTC] PHP Warning:  Undefined array key "type" in D:\wordpress\wp-local\headless-cms\app\public\wp-content\plugins\taskbook\includes\CMB2\includes\CMB2.php on line 1553
[15-Jun-2023 20:09:01 UTC] PHP Warning:  Undefined array key "type" in D:\wordpress\wp-local\headless-cms\app\public\wp-content\plugins\taskbook\includes\CMB2\includes\CMB2.php on line 1553
[15-Jun-2023 20:09:04 UTC] PHP Warning:  Undefined array key "type" in D:\wordpress\wp-local\headless-cms\app\public\wp-content\plugins\taskbook\includes\CMB2\includes\CMB2.php on line 1553
[15-Jun-2023 20:09:34 UTC] PHP Warning:  Undefined array key "type" in D:\wordpress\wp-local\headless-cms\app\public\wp-content\plugins\taskbook\includes\CMB2\includes\CMB2.php on line 1553
[15-Jun-2023 20:09:34 UTC] PHP Warning:  Undefined array key "type" in D:\wordpress\wp-local\headless-cms\app\public\wp-content\plugins\taskbook\includes\CMB2\includes\CMB2.php on line 1553
[15-Jun-2023 20:09:38 UTC] PHP Warning:  Undefined array key "type" in D:\wordpress\wp-local\headless-cms\app\public\wp-content\plugins\taskbook\includes\CMB2\includes\CMB2.php on line 1553
[15-Jun-2023 20:09:40 UTC] PHP Warning:  Undefined array key "type" in D:\wordpress\wp-local\headless-cms\app\public\wp-content\plugins\taskbook\includes\CMB2\includes\CMB2.php on line 1553
[15-Jun-2023 20:09:41 UTC] PHP Warning:  Undefined array key "type" in D:\wordpress\wp-local\headless-cms\app\public\wp-content\plugins\taskbook\includes\CMB2\includes\CMB2.php on line 1553
[15-Jun-2023 20:10:42 UTC] PHP Warning:  Undefined array key "type" in D:\wordpress\wp-local\headless-cms\app\public\wp-content\plugins\taskbook\includes\CMB2\includes\CMB2.php on line 1553
[15-Jun-2023 20:11:15 UTC] PHP Warning:  Undefined array key "type" in D:\wordpress\wp-local\headless-cms\app\public\wp-content\plugins\taskbook\includes\CMB2\includes\CMB2.php on line 1553
[15-Jun-2023 20:11:42 UTC] PHP Warning:  Undefined array key "type" in D:\wordpress\wp-local\headless-cms\app\public\wp-content\plugins\taskbook\includes\CMB2\includes\CMB2.php on line 1553
[15-Jun-2023 20:12:42 UTC] PHP Warning:  Undefined array key "type" in D:\wordpress\wp-local\headless-cms\app\public\wp-content\plugins\taskbook\includes\CMB2\includes\CMB2.php on line 1553
[15-Jun-2023 20:13:42 UTC] PHP Warning:  Undefined array key "type" in D:\wordpress\wp-local\headless-cms\app\public\wp-content\plugins\taskbook\includes\CMB2\includes\CMB2.php on line 1553
[15-Jun-2023 20:14:42 UTC] PHP Warning:  Undefined array key "type" in D:\wordpress\wp-local\headless-cms\app\public\wp-content\plugins\taskbook\includes\CMB2\includes\CMB2.php on line 1553
[15-Jun-2023 20:15:42 UTC] PHP Warning:  Undefined array key "type" in D:\wordpress\wp-local\headless-cms\app\public\wp-content\plugins\taskbook\includes\CMB2\includes\CMB2.php on line 1553
[15-Jun-2023 20:16:42 UTC] PHP Warning:  Undefined array key "type" in D:\wordpress\wp-local\headless-cms\app\public\wp-content\plugins\taskbook\includes\CMB2\includes\CMB2.php on line 1553
[15-Jun-2023 20:18:43 UTC] PHP Warning:  Undefined array key "type" in D:\wordpress\wp-local\headless-cms\app\public\wp-content\plugins\taskbook\includes\CMB2\includes\CMB2.php on line 1553
[15-Jun-2023 20:20:44 UTC] PHP Warning:  Undefined array key "type" in D:\wordpress\wp-local\headless-cms\app\public\wp-content\plugins\taskbook\includes\CMB2\includes\CMB2.php on line 1553
[15-Jun-2023 20:22:45 UTC] PHP Warning:  Undefined array key "type" in D:\wordpress\wp-local\headless-cms\app\public\wp-content\plugins\taskbook\includes\CMB2\includes\CMB2.php on line 1553
[15-Jun-2023 20:24:46 UTC] PHP Warning:  Undefined array key "type" in D:\wordpress\wp-local\headless-cms\app\public\wp-content\plugins\taskbook\includes\CMB2\includes\CMB2.php on line 1553
[15-Jun-2023 20:26:47 UTC] PHP Warning:  Undefined array key "type" in D:\wordpress\wp-local\headless-cms\app\public\wp-content\plugins\taskbook\includes\CMB2\includes\CMB2.php on line 1553
[15-Jun-2023 20:27:20 UTC] PHP Warning:  Undefined array key "type" in D:\wordpress\wp-local\headless-cms\app\public\wp-content\plugins\taskbook\includes\CMB2\includes\CMB2.php on line 1553
[15-Jun-2023 20:27:21 UTC] PHP Warning:  Undefined array key "HTTP_AUTHORIZATION" in D:\wordpress\wp-local\headless-cms\app\public\wp-content\plugins\jwt-authentication-for-wp-rest-api\public\class-jwt-auth-public.php on line 222
[15-Jun-2023 20:27:21 UTC] PHP Warning:  Undefined array key "REDIRECT_HTTP_AUTHORIZATION" in D:\wordpress\wp-local\headless-cms\app\public\wp-content\plugins\jwt-authentication-for-wp-rest-api\public\class-jwt-auth-public.php on line 225
[15-Jun-2023 20:27:21 UTC] PHP Warning:  Undefined array key "type" in D:\wordpress\wp-local\headless-cms\app\public\wp-content\plugins\taskbook\includes\CMB2\includes\CMB2_Field.php on line 1371
[15-Jun-2023 20:38:05 UTC] PHP Warning:  Undefined array key "type" in D:\wordpress\wp-local\headless-cms\app\public\wp-content\plugins\taskbook\includes\CMB2\includes\CMB2.php on line 1553
[15-Jun-2023 20:39:04 UTC] PHP Warning:  Undefined array key "type" in D:\wordpress\wp-local\headless-cms\app\public\wp-content\plugins\taskbook\includes\CMB2\includes\CMB2.php on line 1553
[15-Jun-2023 20:41:05 UTC] PHP Warning:  Undefined array key "type" in D:\wordpress\wp-local\headless-cms\app\public\wp-content\plugins\taskbook\includes\CMB2\includes\CMB2.php on line 1553
[15-Jun-2023 20:43:06 UTC] PHP Warning:  Undefined array key "type" in D:\wordpress\wp-local\headless-cms\app\public\wp-content\plugins\taskbook\includes\CMB2\includes\CMB2.php on line 1553
[15-Jun-2023 20:45:07 UTC] PHP Warning:  Undefined array key "type" in D:\wordpress\wp-local\headless-cms\app\public\wp-content\plugins\taskbook\includes\CMB2\includes\CMB2.php on line 1553
[15-Jun-2023 20:45:07 UTC] PHP Warning:  Undefined array key "type" in D:\wordpress\wp-local\headless-cms\app\public\wp-content\plugins\taskbook\includes\CMB2\includes\CMB2.php on line 1553
[15-Jun-2023 20:47:08 UTC] PHP Warning:  Undefined array key "type" in D:\wordpress\wp-local\headless-cms\app\public\wp-content\plugins\taskbook\includes\CMB2\includes\CMB2.php on line 1553
[15-Jun-2023 21:02:31 UTC] PHP Warning:  Undefined array key "type" in D:\wordpress\wp-local\headless-cms\app\public\wp-content\plugins\taskbook\includes\CMB2\includes\CMB2.php on line 1553
[15-Jun-2023 21:03:30 UTC] PHP Warning:  Undefined array key "type" in D:\wordpress\wp-local\headless-cms\app\public\wp-content\plugins\taskbook\includes\CMB2\includes\CMB2.php on line 1553
[15-Jun-2023 21:05:30 UTC] PHP Warning:  Undefined array key "type" in D:\wordpress\wp-local\headless-cms\app\public\wp-content\plugins\taskbook\includes\CMB2\includes\CMB2.php on line 1553
[15-Jun-2023 21:06:32 UTC] PHP Warning:  Undefined array key "type" in D:\wordpress\wp-local\headless-cms\app\public\wp-content\plugins\taskbook\includes\CMB2\includes\CMB2.php on line 1553
[15-Jun-2023 21:08:32 UTC] PHP Warning:  Undefined array key "type" in D:\wordpress\wp-local\headless-cms\app\public\wp-content\plugins\taskbook\includes\CMB2\includes\CMB2.php on line 1553
[15-Jun-2023 21:10:33 UTC] PHP Warning:  Undefined array key "type" in D:\wordpress\wp-local\headless-cms\app\public\wp-content\plugins\taskbook\includes\CMB2\includes\CMB2.php on line 1553
[15-Jun-2023 21:12:34 UTC] PHP Warning:  Undefined array key "type" in D:\wordpress\wp-local\headless-cms\app\public\wp-content\plugins\taskbook\includes\CMB2\includes\CMB2.php on line 1553
[15-Jun-2023 21:14:35 UTC] PHP Warning:  Undefined array key "type" in D:\wordpress\wp-local\headless-cms\app\public\wp-content\plugins\taskbook\includes\CMB2\includes\CMB2.php on line 1553
[15-Jun-2023 21:15:46 UTC] PHP Warning:  Undefined array key "type" in D:\wordpress\wp-local\headless-cms\app\public\wp-content\plugins\taskbook\includes\CMB2\includes\CMB2.php on line 1553
[15-Jun-2023 21:16:46 UTC] PHP Warning:  Undefined array key "type" in D:\wordpress\wp-local\headless-cms\app\public\wp-content\plugins\taskbook\includes\CMB2\includes\CMB2.php on line 1553
[15-Jun-2023 21:18:47 UTC] PHP Warning:  Undefined array key "type" in D:\wordpress\wp-local\headless-cms\app\public\wp-content\plugins\taskbook\includes\CMB2\includes\CMB2.php on line 1553
[15-Jun-2023 21:20:48 UTC] PHP Warning:  Undefined array key "type" in D:\wordpress\wp-local\headless-cms\app\public\wp-content\plugins\taskbook\includes\CMB2\includes\CMB2.php on line 1553
[15-Jun-2023 21:22:49 UTC] PHP Warning:  Undefined array key "type" in D:\wordpress\wp-local\headless-cms\app\public\wp-content\plugins\taskbook\includes\CMB2\includes\CMB2.php on line 1553
[15-Jun-2023 21:24:50 UTC] PHP Warning:  Undefined array key "type" in D:\wordpress\wp-local\headless-cms\app\public\wp-content\plugins\taskbook\includes\CMB2\includes\CMB2.php on line 1553
[15-Jun-2023 21:26:15 UTC] PHP Warning:  Undefined array key "type" in D:\wordpress\wp-local\headless-cms\app\public\wp-content\plugins\taskbook\includes\CMB2\includes\CMB2.php on line 1553
[15-Jun-2023 21:26:15 UTC] PHP Warning:  Undefined array key "HTTP_AUTHORIZATION" in D:\wordpress\wp-local\headless-cms\app\public\wp-content\plugins\jwt-authentication-for-wp-rest-api\public\class-jwt-auth-public.php on line 222
[15-Jun-2023 21:26:15 UTC] PHP Warning:  Undefined array key "REDIRECT_HTTP_AUTHORIZATION" in D:\wordpress\wp-local\headless-cms\app\public\wp-content\plugins\jwt-authentication-for-wp-rest-api\public\class-jwt-auth-public.php on line 225
[15-Jun-2023 21:44:37 UTC] PHP Warning:  Undefined array key "type" in D:\wordpress\wp-local\headless-cms\app\public\wp-content\plugins\taskbook\includes\CMB2\includes\CMB2.php on line 1553
[15-Jun-2023 21:45:37 UTC] PHP Warning:  Undefined array key "type" in D:\wordpress\wp-local\headless-cms\app\public\wp-content\plugins\taskbook\includes\CMB2\includes\CMB2.php on line 1553
[15-Jun-2023 21:45:37 UTC] PHP Warning:  Undefined array key "type" in D:\wordpress\wp-local\headless-cms\app\public\wp-content\plugins\taskbook\includes\CMB2\includes\CMB2.php on line 1553
[15-Jun-2023 21:45:38 UTC] PHP Warning:  Undefined array key "type" in D:\wordpress\wp-local\headless-cms\app\public\wp-content\plugins\taskbook\includes\CMB2\includes\CMB2.php on line 1553
[15-Jun-2023 21:46:37 UTC] PHP Warning:  Undefined array key "type" in D:\wordpress\wp-local\headless-cms\app\public\wp-content\plugins\taskbook\includes\CMB2\includes\CMB2.php on line 1553
[15-Jun-2023 21:48:34 UTC] PHP Warning:  Undefined array key "type" in D:\wordpress\wp-local\headless-cms\app\public\wp-content\plugins\taskbook\includes\CMB2\includes\CMB2.php on line 1553
[15-Jun-2023 21:48:38 UTC] PHP Warning:  Undefined array key "type" in D:\wordpress\wp-local\headless-cms\app\public\wp-content\plugins\taskbook\includes\CMB2\includes\CMB2.php on line 1553
[15-Jun-2023 21:48:45 UTC] PHP Warning:  Undefined array key "type" in D:\wordpress\wp-local\headless-cms\app\public\wp-content\plugins\taskbook\includes\CMB2\includes\CMB2.php on line 1553
[15-Jun-2023 21:48:51 UTC] PHP Warning:  Undefined array key "type" in D:\wordpress\wp-local\headless-cms\app\public\wp-content\plugins\taskbook\includes\CMB2\includes\CMB2.php on line 1553
[15-Jun-2023 21:49:26 UTC] PHP Warning:  Undefined array key "type" in D:\wordpress\wp-local\headless-cms\app\public\wp-content\plugins\taskbook\includes\CMB2\includes\CMB2.php on line 1553
[15-Jun-2023 21:49:26 UTC] PHP Warning:  Undefined array key "HTTP_AUTHORIZATION" in D:\wordpress\wp-local\headless-cms\app\public\wp-content\plugins\jwt-authentication-for-wp-rest-api\public\class-jwt-auth-public.php on line 222
[15-Jun-2023 21:49:26 UTC] PHP Warning:  Undefined array key "REDIRECT_HTTP_AUTHORIZATION" in D:\wordpress\wp-local\headless-cms\app\public\wp-content\plugins\jwt-authentication-for-wp-rest-api\public\class-jwt-auth-public.php on line 225
[15-Jun-2023 21:49:26 UTC] PHP Warning:  Undefined array key "type" in D:\wordpress\wp-local\headless-cms\app\public\wp-content\plugins\taskbook\includes\CMB2\includes\CMB2_Field.php on line 1371
[15-Jun-2023 21:50:27 UTC] PHP Warning:  Undefined array key "type" in D:\wordpress\wp-local\headless-cms\app\public\wp-content\plugins\taskbook\includes\CMB2\includes\CMB2.php on line 1553
[15-Jun-2023 21:50:35 UTC] PHP Warning:  Undefined array key "type" in D:\wordpress\wp-local\headless-cms\app\public\wp-content\plugins\taskbook\includes\CMB2\includes\CMB2.php on line 1553
[15-Jun-2023 21:51:02 UTC] PHP Warning:  Undefined array key "type" in D:\wordpress\wp-local\headless-cms\app\public\wp-content\plugins\taskbook\includes\CMB2\includes\CMB2.php on line 1553
[15-Jun-2023 21:51:02 UTC] PHP Warning:  Undefined array key "HTTP_AUTHORIZATION" in D:\wordpress\wp-local\headless-cms\app\public\wp-content\plugins\jwt-authentication-for-wp-rest-api\public\class-jwt-auth-public.php on line 222
[15-Jun-2023 21:51:02 UTC] PHP Warning:  Undefined array key "REDIRECT_HTTP_AUTHORIZATION" in D:\wordpress\wp-local\headless-cms\app\public\wp-content\plugins\jwt-authentication-for-wp-rest-api\public\class-jwt-auth-public.php on line 225
[15-Jun-2023 21:51:13 UTC] PHP Warning:  Undefined array key "type" in D:\wordpress\wp-local\headless-cms\app\public\wp-content\plugins\taskbook\includes\CMB2\includes\CMB2.php on line 1553
[15-Jun-2023 21:51:13 UTC] PHP Warning:  Undefined array key "HTTP_AUTHORIZATION" in D:\wordpress\wp-local\headless-cms\app\public\wp-content\plugins\jwt-authentication-for-wp-rest-api\public\class-jwt-auth-public.php on line 222
[15-Jun-2023 21:51:13 UTC] PHP Warning:  Undefined array key "REDIRECT_HTTP_AUTHORIZATION" in D:\wordpress\wp-local\headless-cms\app\public\wp-content\plugins\jwt-authentication-for-wp-rest-api\public\class-jwt-auth-public.php on line 225
[15-Jun-2023 21:58:20 UTC] PHP Warning:  Undefined array key "type" in D:\wordpress\wp-local\headless-cms\app\public\wp-content\plugins\taskbook\includes\CMB2\includes\CMB2.php on line 1553
[15-Jun-2023 21:58:21 UTC] PHP Warning:  Undefined array key "HTTP_AUTHORIZATION" in D:\wordpress\wp-local\headless-cms\app\public\wp-content\plugins\jwt-authentication-for-wp-rest-api\public\class-jwt-auth-public.php on line 222
[15-Jun-2023 21:58:21 UTC] PHP Warning:  Undefined array key "REDIRECT_HTTP_AUTHORIZATION" in D:\wordpress\wp-local\headless-cms\app\public\wp-content\plugins\jwt-authentication-for-wp-rest-api\public\class-jwt-auth-public.php on line 225
[15-Jun-2023 21:59:23 UTC] PHP Warning:  Undefined array key "type" in D:\wordpress\wp-local\headless-cms\app\public\wp-content\plugins\taskbook\includes\CMB2\includes\CMB2.php on line 1553
[15-Jun-2023 21:59:23 UTC] PHP Warning:  Undefined array key "type" in D:\wordpress\wp-local\headless-cms\app\public\wp-content\plugins\taskbook\includes\CMB2\includes\CMB2_Field.php on line 1371
[15-Jun-2023 22:06:59 UTC] PHP Warning:  Undefined array key "type" in D:\wordpress\wp-local\headless-cms\app\public\wp-content\plugins\taskbook\includes\CMB2\includes\CMB2.php on line 1553
[15-Jun-2023 22:34:15 UTC] PHP Warning:  Undefined array key "type" in D:\wordpress\wp-local\headless-cms\app\public\wp-content\plugins\taskbook\includes\CMB2\includes\CMB2.php on line 1553
[15-Jun-2023 22:34:16 UTC] PHP Warning:  Undefined array key "type" in D:\wordpress\wp-local\headless-cms\app\public\wp-content\plugins\taskbook\includes\CMB2\includes\CMB2.php on line 1553
[05-Jul-2023 14:36:54 UTC] PHP Warning:  Undefined array key "type" in D:\wordpress\wp-local\headless-cms\app\public\wp-content\plugins\taskbook\includes\CMB2\includes\CMB2.php on line 1553
[05-Jul-2023 14:36:56 UTC] PHP Warning:  Undefined array key "type" in D:\wordpress\wp-local\headless-cms\app\public\wp-content\plugins\taskbook\includes\CMB2\includes\CMB2.php on line 1553
[05-Jul-2023 14:37:01 UTC] PHP Warning:  Undefined array key "type" in D:\wordpress\wp-local\headless-cms\app\public\wp-content\plugins\taskbook\includes\CMB2\includes\CMB2.php on line 1553
[05-Jul-2023 14:37:01 UTC] PHP Warning:  Undefined array key "type" in D:\wordpress\wp-local\headless-cms\app\public\wp-content\plugins\taskbook\includes\CMB2\includes\CMB2.php on line 1553
[05-Jul-2023 14:37:03 UTC] PHP Warning:  Undefined array key "type" in D:\wordpress\wp-local\headless-cms\app\public\wp-content\plugins\taskbook\includes\CMB2\includes\CMB2.php on line 1553
[05-Jul-2023 14:37:16 UTC] PHP Warning:  Undefined array key "type" in D:\wordpress\wp-local\headless-cms\app\public\wp-content\plugins\taskbook\includes\CMB2\includes\CMB2.php on line 1553
[05-Jul-2023 14:37:24 UTC] PHP Warning:  Undefined array key "type" in D:\wordpress\wp-local\headless-cms\app\public\wp-content\plugins\taskbook\includes\CMB2\includes\CMB2.php on line 1553
[05-Jul-2023 14:37:39 UTC] PHP Warning:  Undefined array key "type" in D:\wordpress\wp-local\headless-cms\app\public\wp-content\plugins\taskbook\includes\CMB2\includes\CMB2.php on line 1553
[05-Jul-2023 14:37:39 UTC] PHP Warning:  Undefined array key "type" in D:\wordpress\wp-local\headless-cms\app\public\wp-content\plugins\taskbook\includes\CMB2\includes\CMB2.php on line 1553
[05-Jul-2023 14:37:40 UTC] PHP Warning:  Undefined array key "type" in D:\wordpress\wp-local\headless-cms\app\public\wp-content\plugins\taskbook\includes\CMB2\includes\CMB2.php on line 1553
[05-Jul-2023 14:38:41 UTC] PHP Warning:  Undefined array key "type" in D:\wordpress\wp-local\headless-cms\app\public\wp-content\plugins\taskbook\includes\CMB2\includes\CMB2.php on line 1553
[05-Jul-2023 14:38:44 UTC] PHP Warning:  Undefined array key "type" in D:\wordpress\wp-local\headless-cms\app\public\wp-content\plugins\taskbook\includes\CMB2\includes\CMB2.php on line 1553
[05-Jul-2023 14:38:46 UTC] PHP Warning:  Undefined array key "type" in D:\wordpress\wp-local\headless-cms\app\public\wp-content\plugins\taskbook\includes\CMB2\includes\CMB2.php on line 1553
[05-Jul-2023 14:39:47 UTC] PHP Warning:  Undefined array key "type" in D:\wordpress\wp-local\headless-cms\app\public\wp-content\plugins\taskbook\includes\CMB2\includes\CMB2.php on line 1553
[05-Jul-2023 14:41:24 UTC] PHP Warning:  Undefined array key "type" in D:\wordpress\wp-local\headless-cms\app\public\wp-content\plugins\taskbook\includes\CMB2\includes\CMB2.php on line 1553
[05-Jul-2023 14:42:25 UTC] PHP Warning:  Undefined array key "type" in D:\wordpress\wp-local\headless-cms\app\public\wp-content\plugins\taskbook\includes\CMB2\includes\CMB2.php on line 1553
[05-Jul-2023 14:43:26 UTC] PHP Warning:  Undefined array key "type" in D:\wordpress\wp-local\headless-cms\app\public\wp-content\plugins\taskbook\includes\CMB2\includes\CMB2.php on line 1553
[05-Jul-2023 14:45:26 UTC] PHP Warning:  Undefined array key "type" in D:\wordpress\wp-local\headless-cms\app\public\wp-content\plugins\taskbook\includes\CMB2\includes\CMB2.php on line 1553
[05-Jul-2023 14:45:27 UTC] PHP Warning:  Undefined array key "type" in D:\wordpress\wp-local\headless-cms\app\public\wp-content\plugins\taskbook\includes\CMB2\includes\CMB2.php on line 1553
[05-Jul-2023 14:47:27 UTC] PHP Warning:  Undefined array key "type" in D:\wordpress\wp-local\headless-cms\app\public\wp-content\plugins\taskbook\includes\CMB2\includes\CMB2.php on line 1553
[05-Jul-2023 14:49:28 UTC] PHP Warning:  Undefined array key "type" in D:\wordpress\wp-local\headless-cms\app\public\wp-content\plugins\taskbook\includes\CMB2\includes\CMB2.php on line 1553
[05-Jul-2023 14:51:29 UTC] PHP Warning:  Undefined array key "type" in D:\wordpress\wp-local\headless-cms\app\public\wp-content\plugins\taskbook\includes\CMB2\includes\CMB2.php on line 1553
[05-Jul-2023 16:05:10 UTC] PHP Warning:  Undefined array key "type" in D:\wordpress\wp-local\headless-cms\app\public\wp-content\plugins\taskbook\includes\CMB2\includes\CMB2.php on line 1553
[05-Jul-2023 16:05:10 UTC] PHP Warning:  Undefined array key "type" in D:\wordpress\wp-local\headless-cms\app\public\wp-content\plugins\taskbook\includes\CMB2\includes\CMB2.php on line 1553
[05-Jul-2023 16:06:10 UTC] PHP Warning:  Undefined array key "type" in D:\wordpress\wp-local\headless-cms\app\public\wp-content\plugins\taskbook\includes\CMB2\includes\CMB2.php on line 1553
[05-Jul-2023 16:06:43 UTC] PHP Warning:  Undefined array key "type" in D:\wordpress\wp-local\headless-cms\app\public\wp-content\plugins\taskbook\includes\CMB2\includes\CMB2.php on line 1553
[05-Jul-2023 16:06:56 UTC] PHP Warning:  Undefined array key "type" in D:\wordpress\wp-local\headless-cms\app\public\wp-content\plugins\taskbook\includes\CMB2\includes\CMB2.php on line 1553
[05-Jul-2023 16:07:02 UTC] PHP Warning:  Undefined array key "type" in D:\wordpress\wp-local\headless-cms\app\public\wp-content\plugins\taskbook\includes\CMB2\includes\CMB2.php on line 1553
[05-Jul-2023 16:07:02 UTC] PHP Warning:  Undefined array key "HTTP_AUTHORIZATION" in D:\wordpress\wp-local\headless-cms\app\public\wp-content\plugins\jwt-authentication-for-wp-rest-api\public\class-jwt-auth-public.php on line 222
[05-Jul-2023 16:07:02 UTC] PHP Warning:  Undefined array key "REDIRECT_HTTP_AUTHORIZATION" in D:\wordpress\wp-local\headless-cms\app\public\wp-content\plugins\jwt-authentication-for-wp-rest-api\public\class-jwt-auth-public.php on line 225
[05-Jul-2023 16:07:03 UTC] PHP Warning:  Undefined array key "type" in D:\wordpress\wp-local\headless-cms\app\public\wp-content\plugins\taskbook\includes\CMB2\includes\CMB2_Field.php on line 1371
[05-Jul-2023 16:08:11 UTC] PHP Warning:  Undefined array key "type" in D:\wordpress\wp-local\headless-cms\app\public\wp-content\plugins\taskbook\includes\CMB2\includes\CMB2.php on line 1553
[05-Jul-2023 16:08:57 UTC] PHP Warning:  Undefined array key "type" in D:\wordpress\wp-local\headless-cms\app\public\wp-content\plugins\taskbook\includes\CMB2\includes\CMB2.php on line 1553
[05-Jul-2023 16:08:58 UTC] PHP Warning:  Undefined array key "type" in D:\wordpress\wp-local\headless-cms\app\public\wp-content\plugins\taskbook\includes\CMB2\includes\CMB2.php on line 1553
[05-Jul-2023 16:09:01 UTC] PHP Warning:  Undefined array key "type" in D:\wordpress\wp-local\headless-cms\app\public\wp-content\plugins\taskbook\includes\CMB2\includes\CMB2.php on line 1553
[05-Jul-2023 16:09:01 UTC] PHP Warning:  Undefined array key "type" in D:\wordpress\wp-local\headless-cms\app\public\wp-content\plugins\taskbook\includes\CMB2\includes\CMB2_Field.php on line 1371
[05-Jul-2023 16:09:01 UTC] PHP Warning:  Undefined array key "type" in D:\wordpress\wp-local\headless-cms\app\public\wp-content\plugins\taskbook\includes\CMB2\includes\CMB2.php on line 448
[05-Jul-2023 16:09:01 UTC] PHP Warning:  Undefined array key "type" in D:\wordpress\wp-local\headless-cms\app\public\wp-content\plugins\taskbook\includes\CMB2\includes\CMB2.php on line 455
[05-Jul-2023 16:09:12 UTC] PHP Warning:  Undefined array key "type" in D:\wordpress\wp-local\headless-cms\app\public\wp-content\plugins\taskbook\includes\CMB2\includes\CMB2.php on line 1553
[05-Jul-2023 16:09:12 UTC] PHP Warning:  Undefined array key "type" in D:\wordpress\wp-local\headless-cms\app\public\wp-content\plugins\taskbook\includes\CMB2\includes\CMB2.php on line 1553
[05-Jul-2023 16:09:12 UTC] PHP Warning:  Undefined array key "type" in D:\wordpress\wp-local\headless-cms\app\public\wp-content\plugins\taskbook\includes\CMB2\includes\CMB2.php on line 1553
[05-Jul-2023 16:09:13 UTC] PHP Warning:  Undefined array key "type" in D:\wordpress\wp-local\headless-cms\app\public\wp-content\plugins\taskbook\includes\CMB2\includes\CMB2.php on line 1553
[05-Jul-2023 16:09:13 UTC] PHP Warning:  Undefined array key "type" in D:\wordpress\wp-local\headless-cms\app\public\wp-content\plugins\taskbook\includes\CMB2\includes\CMB2.php on line 1553
[05-Jul-2023 16:09:13 UTC] PHP Warning:  Undefined array key "type" in D:\wordpress\wp-local\headless-cms\app\public\wp-content\plugins\taskbook\includes\CMB2\includes\CMB2.php on line 1553
[05-Jul-2023 16:09:16 UTC] PHP Warning:  Undefined array key "type" in D:\wordpress\wp-local\headless-cms\app\public\wp-content\plugins\taskbook\includes\CMB2\includes\CMB2.php on line 1553
[05-Jul-2023 16:09:16 UTC] PHP Warning:  Undefined array key "type" in D:\wordpress\wp-local\headless-cms\app\public\wp-content\plugins\taskbook\includes\CMB2\includes\CMB2.php on line 1553
[05-Jul-2023 16:09:16 UTC] PHP Warning:  Undefined array key "type" in D:\wordpress\wp-local\headless-cms\app\public\wp-content\plugins\taskbook\includes\CMB2\includes\CMB2.php on line 1553
[05-Jul-2023 16:10:12 UTC] PHP Warning:  Undefined array key "type" in D:\wordpress\wp-local\headless-cms\app\public\wp-content\plugins\taskbook\includes\CMB2\includes\CMB2.php on line 1553
[05-Jul-2023 16:11:25 UTC] PHP Warning:  Undefined array key "type" in D:\wordpress\wp-local\headless-cms\app\public\wp-content\plugins\taskbook\includes\CMB2\includes\CMB2.php on line 1553
[05-Jul-2023 16:12:25 UTC] PHP Warning:  Undefined array key "type" in D:\wordpress\wp-local\headless-cms\app\public\wp-content\plugins\taskbook\includes\CMB2\includes\CMB2.php on line 1553
[05-Jul-2023 16:13:25 UTC] PHP Warning:  Undefined array key "type" in D:\wordpress\wp-local\headless-cms\app\public\wp-content\plugins\taskbook\includes\CMB2\includes\CMB2.php on line 1553
[05-Jul-2023 16:15:27 UTC] PHP Warning:  Undefined array key "type" in D:\wordpress\wp-local\headless-cms\app\public\wp-content\plugins\taskbook\includes\CMB2\includes\CMB2.php on line 1553
[05-Jul-2023 16:17:27 UTC] PHP Warning:  Undefined array key "type" in D:\wordpress\wp-local\headless-cms\app\public\wp-content\plugins\taskbook\includes\CMB2\includes\CMB2.php on line 1553
[05-Jul-2023 16:19:28 UTC] PHP Warning:  Undefined array key "type" in D:\wordpress\wp-local\headless-cms\app\public\wp-content\plugins\taskbook\includes\CMB2\includes\CMB2.php on line 1553
[05-Jul-2023 16:21:29 UTC] PHP Warning:  Undefined array key "type" in D:\wordpress\wp-local\headless-cms\app\public\wp-content\plugins\taskbook\includes\CMB2\includes\CMB2.php on line 1553
[05-Jul-2023 16:23:30 UTC] PHP Warning:  Undefined array key "type" in D:\wordpress\wp-local\headless-cms\app\public\wp-content\plugins\taskbook\includes\CMB2\includes\CMB2.php on line 1553
[05-Jul-2023 16:29:58 UTC] PHP Warning:  Undefined array key "type" in D:\wordpress\wp-local\headless-cms\app\public\wp-content\plugins\taskbook\includes\CMB2\includes\CMB2.php on line 1553
[05-Jul-2023 16:29:58 UTC] PHP Warning:  Undefined array key "type" in D:\wordpress\wp-local\headless-cms\app\public\wp-content\plugins\taskbook\includes\CMB2\includes\CMB2.php on line 1553
[05-Jul-2023 16:30:58 UTC] PHP Warning:  Undefined array key "type" in D:\wordpress\wp-local\headless-cms\app\public\wp-content\plugins\taskbook\includes\CMB2\includes\CMB2.php on line 1553
[05-Jul-2023 16:32:58 UTC] PHP Warning:  Undefined array key "type" in D:\wordpress\wp-local\headless-cms\app\public\wp-content\plugins\taskbook\includes\CMB2\includes\CMB2.php on line 1553
[05-Jul-2023 16:34:59 UTC] PHP Warning:  Undefined array key "type" in D:\wordpress\wp-local\headless-cms\app\public\wp-content\plugins\taskbook\includes\CMB2\includes\CMB2.php on line 1553
[05-Jul-2023 16:35:45 UTC] PHP Warning:  Undefined array key "type" in D:\wordpress\wp-local\headless-cms\app\public\wp-content\plugins\taskbook\includes\CMB2\includes\CMB2.php on line 1553
[05-Jul-2023 16:35:59 UTC] PHP Warning:  Undefined array key "type" in D:\wordpress\wp-local\headless-cms\app\public\wp-content\plugins\taskbook\includes\CMB2\includes\CMB2.php on line 1553
[05-Jul-2023 16:36:59 UTC] PHP Warning:  Undefined array key "type" in D:\wordpress\wp-local\headless-cms\app\public\wp-content\plugins\taskbook\includes\CMB2\includes\CMB2.php on line 1553
[05-Jul-2023 16:37:59 UTC] PHP Warning:  Undefined array key "type" in D:\wordpress\wp-local\headless-cms\app\public\wp-content\plugins\taskbook\includes\CMB2\includes\CMB2.php on line 1553
[05-Jul-2023 16:39:00 UTC] PHP Warning:  Undefined array key "type" in D:\wordpress\wp-local\headless-cms\app\public\wp-content\plugins\taskbook\includes\CMB2\includes\CMB2.php on line 1553
[05-Jul-2023 16:40:01 UTC] PHP Warning:  Undefined array key "type" in D:\wordpress\wp-local\headless-cms\app\public\wp-content\plugins\taskbook\includes\CMB2\includes\CMB2.php on line 1553
[05-Jul-2023 16:41:02 UTC] PHP Warning:  Undefined array key "type" in D:\wordpress\wp-local\headless-cms\app\public\wp-content\plugins\taskbook\includes\CMB2\includes\CMB2.php on line 1553
[05-Jul-2023 16:42:02 UTC] PHP Warning:  Undefined array key "type" in D:\wordpress\wp-local\headless-cms\app\public\wp-content\plugins\taskbook\includes\CMB2\includes\CMB2.php on line 1553
[05-Jul-2023 16:44:03 UTC] PHP Warning:  Undefined array key "type" in D:\wordpress\wp-local\headless-cms\app\public\wp-content\plugins\taskbook\includes\CMB2\includes\CMB2.php on line 1553
[05-Jul-2023 16:46:02 UTC] PHP Warning:  Undefined array key "type" in D:\wordpress\wp-local\headless-cms\app\public\wp-content\plugins\taskbook\includes\CMB2\includes\CMB2.php on line 1553
[05-Jul-2023 16:46:03 UTC] PHP Warning:  Undefined array key "type" in D:\wordpress\wp-local\headless-cms\app\public\wp-content\plugins\taskbook\includes\CMB2\includes\CMB2.php on line 1553
[05-Jul-2023 16:48:03 UTC] PHP Warning:  Undefined array key "type" in D:\wordpress\wp-local\headless-cms\app\public\wp-content\plugins\taskbook\includes\CMB2\includes\CMB2.php on line 1553
[05-Jul-2023 16:50:03 UTC] PHP Warning:  Undefined array key "type" in D:\wordpress\wp-local\headless-cms\app\public\wp-content\plugins\taskbook\includes\CMB2\includes\CMB2.php on line 1553
[05-Jul-2023 18:00:31 UTC] PHP Warning:  Undefined array key "type" in D:\wordpress\wp-local\headless-cms\app\public\wp-content\plugins\taskbook\includes\CMB2\includes\CMB2.php on line 1553
[05-Jul-2023 18:00:32 UTC] PHP Warning:  Undefined array key "type" in D:\wordpress\wp-local\headless-cms\app\public\wp-content\plugins\taskbook\includes\CMB2\includes\CMB2.php on line 1553
[05-Jul-2023 18:01:30 UTC] PHP Warning:  Undefined array key "type" in D:\wordpress\wp-local\headless-cms\app\public\wp-content\plugins\taskbook\includes\CMB2\includes\CMB2.php on line 1553
[05-Jul-2023 18:06:45 UTC] PHP Warning:  Undefined array key "type" in D:\wordpress\wp-local\headless-cms\app\public\wp-content\plugins\taskbook\includes\CMB2\includes\CMB2.php on line 1553
[05-Jul-2023 18:08:46 UTC] PHP Warning:  Undefined array key "type" in D:\wordpress\wp-local\headless-cms\app\public\wp-content\plugins\taskbook\includes\CMB2\includes\CMB2.php on line 1553
[05-Jul-2023 19:03:48 UTC] PHP Warning:  Undefined array key "type" in D:\wordpress\wp-local\headless-cms\app\public\wp-content\plugins\taskbook\includes\CMB2\includes\CMB2.php on line 1553
[05-Jul-2023 19:03:48 UTC] PHP Warning:  Undefined array key "type" in D:\wordpress\wp-local\headless-cms\app\public\wp-content\plugins\taskbook\includes\CMB2\includes\CMB2.php on line 1553
[05-Jul-2023 19:04:48 UTC] PHP Warning:  Undefined array key "type" in D:\wordpress\wp-local\headless-cms\app\public\wp-content\plugins\taskbook\includes\CMB2\includes\CMB2.php on line 1553
[05-Jul-2023 19:06:07 UTC] PHP Warning:  Undefined array key "type" in D:\wordpress\wp-local\headless-cms\app\public\wp-content\plugins\taskbook\includes\CMB2\includes\CMB2.php on line 1553
[05-Jul-2023 19:07:06 UTC] PHP Warning:  Undefined array key "type" in D:\wordpress\wp-local\headless-cms\app\public\wp-content\plugins\taskbook\includes\CMB2\includes\CMB2.php on line 1553
[05-Jul-2023 19:09:07 UTC] PHP Warning:  Undefined array key "type" in D:\wordpress\wp-local\headless-cms\app\public\wp-content\plugins\taskbook\includes\CMB2\includes\CMB2.php on line 1553
[05-Jul-2023 19:11:08 UTC] PHP Warning:  Undefined array key "type" in D:\wordpress\wp-local\headless-cms\app\public\wp-content\plugins\taskbook\includes\CMB2\includes\CMB2.php on line 1553
[05-Jul-2023 19:12:08 UTC] PHP Warning:  Undefined array key "type" in D:\wordpress\wp-local\headless-cms\app\public\wp-content\plugins\taskbook\includes\CMB2\includes\CMB2.php on line 1553
[05-Jul-2023 19:13:03 UTC] PHP Warning:  Undefined array key "type" in D:\wordpress\wp-local\headless-cms\app\public\wp-content\plugins\taskbook\includes\CMB2\includes\CMB2.php on line 1553
[05-Jul-2023 19:13:03 UTC] PHP Warning:  Undefined array key "type" in D:\wordpress\wp-local\headless-cms\app\public\wp-content\plugins\taskbook\includes\CMB2\includes\CMB2.php on line 1553
[05-Jul-2023 19:13:03 UTC] PHP Warning:  Undefined array key "type" in D:\wordpress\wp-local\headless-cms\app\public\wp-content\plugins\taskbook\includes\CMB2\includes\CMB2_Field.php on line 1371
[05-Jul-2023 19:13:04 UTC] PHP Warning:  Undefined array key "type" in D:\wordpress\wp-local\headless-cms\app\public\wp-content\plugins\taskbook\includes\CMB2\includes\CMB2.php on line 448
[05-Jul-2023 19:13:04 UTC] PHP Warning:  Undefined array key "type" in D:\wordpress\wp-local\headless-cms\app\public\wp-content\plugins\taskbook\includes\CMB2\includes\CMB2.php on line 455
[05-Jul-2023 19:13:06 UTC] PHP Warning:  Undefined array key "type" in D:\wordpress\wp-local\headless-cms\app\public\wp-content\plugins\taskbook\includes\CMB2\includes\CMB2.php on line 1553
[05-Jul-2023 19:13:06 UTC] PHP Warning:  Undefined array key "type" in D:\wordpress\wp-local\headless-cms\app\public\wp-content\plugins\taskbook\includes\CMB2\includes\CMB2.php on line 1553
[05-Jul-2023 19:13:07 UTC] PHP Warning:  Undefined array key "type" in D:\wordpress\wp-local\headless-cms\app\public\wp-content\plugins\taskbook\includes\CMB2\includes\CMB2.php on line 1553
[05-Jul-2023 19:13:07 UTC] PHP Warning:  Undefined array key "type" in D:\wordpress\wp-local\headless-cms\app\public\wp-content\plugins\taskbook\includes\CMB2\includes\CMB2.php on line 1553
[05-Jul-2023 19:13:07 UTC] PHP Warning:  Undefined array key "type" in D:\wordpress\wp-local\headless-cms\app\public\wp-content\plugins\taskbook\includes\CMB2\includes\CMB2.php on line 1553
[05-Jul-2023 19:13:07 UTC] PHP Warning:  Undefined array key "type" in D:\wordpress\wp-local\headless-cms\app\public\wp-content\plugins\taskbook\includes\CMB2\includes\CMB2.php on line 1553
[05-Jul-2023 19:13:07 UTC] PHP Warning:  Undefined array key "type" in D:\wordpress\wp-local\headless-cms\app\public\wp-content\plugins\taskbook\includes\CMB2\includes\CMB2.php on line 1553
[05-Jul-2023 19:13:07 UTC] PHP Warning:  Undefined array key "type" in D:\wordpress\wp-local\headless-cms\app\public\wp-content\plugins\taskbook\includes\CMB2\includes\CMB2.php on line 1553
[05-Jul-2023 19:13:08 UTC] PHP Warning:  Undefined array key "type" in D:\wordpress\wp-local\headless-cms\app\public\wp-content\plugins\taskbook\includes\CMB2\includes\CMB2.php on line 1553
[05-Jul-2023 19:13:09 UTC] PHP Warning:  Undefined array key "type" in D:\wordpress\wp-local\headless-cms\app\public\wp-content\plugins\taskbook\includes\CMB2\includes\CMB2.php on line 1553
[05-Jul-2023 19:13:49 UTC] PHP Warning:  Undefined array key "type" in D:\wordpress\wp-local\headless-cms\app\public\wp-content\plugins\taskbook\includes\CMB2\includes\CMB2.php on line 1553
[05-Jul-2023 19:13:49 UTC] PHP Warning:  Undefined array key "HTTP_AUTHORIZATION" in D:\wordpress\wp-local\headless-cms\app\public\wp-content\plugins\jwt-authentication-for-wp-rest-api\public\class-jwt-auth-public.php on line 222
[05-Jul-2023 19:13:49 UTC] PHP Warning:  Undefined array key "REDIRECT_HTTP_AUTHORIZATION" in D:\wordpress\wp-local\headless-cms\app\public\wp-content\plugins\jwt-authentication-for-wp-rest-api\public\class-jwt-auth-public.php on line 225
[05-Jul-2023 19:13:49 UTC] PHP Warning:  Undefined array key "type" in D:\wordpress\wp-local\headless-cms\app\public\wp-content\plugins\taskbook\includes\CMB2\includes\CMB2_Field.php on line 1371
[05-Jul-2023 19:14:06 UTC] PHP Warning:  Undefined array key "type" in D:\wordpress\wp-local\headless-cms\app\public\wp-content\plugins\taskbook\includes\CMB2\includes\CMB2.php on line 1553
[05-Jul-2023 19:14:09 UTC] PHP Warning:  Undefined array key "type" in D:\wordpress\wp-local\headless-cms\app\public\wp-content\plugins\taskbook\includes\CMB2\includes\CMB2.php on line 1553
[05-Jul-2023 19:14:09 UTC] PHP Warning:  Undefined array key "type" in D:\wordpress\wp-local\headless-cms\app\public\wp-content\plugins\taskbook\includes\CMB2\includes\CMB2.php on line 1553
[05-Jul-2023 19:14:10 UTC] PHP Warning:  Undefined array key "type" in D:\wordpress\wp-local\headless-cms\app\public\wp-content\plugins\taskbook\includes\CMB2\includes\CMB2.php on line 1553
[05-Jul-2023 19:14:22 UTC] PHP Warning:  Undefined array key "type" in D:\wordpress\wp-local\headless-cms\app\public\wp-content\plugins\taskbook\includes\CMB2\includes\CMB2.php on line 1553
[05-Jul-2023 19:14:23 UTC] PHP Warning:  Undefined array key "type" in D:\wordpress\wp-local\headless-cms\app\public\wp-content\plugins\taskbook\includes\CMB2\includes\CMB2.php on line 1553
[05-Jul-2023 19:14:27 UTC] PHP Warning:  Undefined array key "type" in D:\wordpress\wp-local\headless-cms\app\public\wp-content\plugins\taskbook\includes\CMB2\includes\CMB2.php on line 1553
[05-Jul-2023 19:14:30 UTC] PHP Warning:  Undefined array key "type" in D:\wordpress\wp-local\headless-cms\app\public\wp-content\plugins\taskbook\includes\CMB2\includes\CMB2.php on line 1553
[05-Jul-2023 19:14:30 UTC] PHP Warning:  Undefined array key "type" in D:\wordpress\wp-local\headless-cms\app\public\wp-content\plugins\taskbook\includes\CMB2\includes\CMB2.php on line 1553
[05-Jul-2023 19:14:30 UTC] PHP Warning:  Undefined array key "type" in D:\wordpress\wp-local\headless-cms\app\public\wp-content\plugins\taskbook\includes\CMB2\includes\CMB2.php on line 1553
[05-Jul-2023 19:14:30 UTC] PHP Warning:  Undefined array key "type" in D:\wordpress\wp-local\headless-cms\app\public\wp-content\plugins\taskbook\includes\CMB2\includes\CMB2.php on line 1553
[05-Jul-2023 19:14:30 UTC] PHP Warning:  Undefined array key "type" in D:\wordpress\wp-local\headless-cms\app\public\wp-content\plugins\taskbook\includes\CMB2\includes\CMB2.php on line 1553
[05-Jul-2023 19:14:30 UTC] PHP Warning:  Undefined array key "type" in D:\wordpress\wp-local\headless-cms\app\public\wp-content\plugins\taskbook\includes\CMB2\includes\CMB2.php on line 1553
[05-Jul-2023 19:14:30 UTC] PHP Warning:  Undefined array key "type" in D:\wordpress\wp-local\headless-cms\app\public\wp-content\plugins\taskbook\includes\CMB2\includes\CMB2.php on line 1553
[05-Jul-2023 19:14:30 UTC] PHP Warning:  Undefined array key "type" in D:\wordpress\wp-local\headless-cms\app\public\wp-content\plugins\taskbook\includes\CMB2\includes\CMB2.php on line 1553
[05-Jul-2023 19:14:31 UTC] PHP Warning:  Undefined array key "type" in D:\wordpress\wp-local\headless-cms\app\public\wp-content\plugins\taskbook\includes\CMB2\includes\CMB2.php on line 1553
[05-Jul-2023 19:14:36 UTC] PHP Warning:  Undefined array key "type" in D:\wordpress\wp-local\headless-cms\app\public\wp-content\plugins\taskbook\includes\CMB2\includes\CMB2.php on line 1553
[05-Jul-2023 19:14:36 UTC] PHP Warning:  Undefined array key "type" in D:\wordpress\wp-local\headless-cms\app\public\wp-content\plugins\taskbook\includes\CMB2\includes\CMB2.php on line 1553
[05-Jul-2023 19:14:36 UTC] PHP Warning:  Undefined array key "type" in D:\wordpress\wp-local\headless-cms\app\public\wp-content\plugins\taskbook\includes\CMB2\includes\CMB2.php on line 1553
[05-Jul-2023 19:14:38 UTC] PHP Warning:  Undefined array key "type" in D:\wordpress\wp-local\headless-cms\app\public\wp-content\plugins\taskbook\includes\CMB2\includes\CMB2.php on line 1553
[05-Jul-2023 19:14:39 UTC] PHP Warning:  Undefined array key "type" in D:\wordpress\wp-local\headless-cms\app\public\wp-content\plugins\taskbook\includes\CMB2\includes\CMB2.php on line 1553
[05-Jul-2023 19:14:39 UTC] PHP Warning:  Undefined array key "type" in D:\wordpress\wp-local\headless-cms\app\public\wp-content\plugins\taskbook\includes\CMB2\includes\CMB2.php on line 1553
[05-Jul-2023 19:14:46 UTC] PHP Warning:  Undefined array key "type" in D:\wordpress\wp-local\headless-cms\app\public\wp-content\plugins\taskbook\includes\CMB2\includes\CMB2.php on line 1553
[05-Jul-2023 19:14:49 UTC] PHP Warning:  Undefined array key "type" in D:\wordpress\wp-local\headless-cms\app\public\wp-content\plugins\taskbook\includes\CMB2\includes\CMB2.php on line 1553
[05-Jul-2023 19:14:54 UTC] PHP Warning:  Undefined array key "type" in D:\wordpress\wp-local\headless-cms\app\public\wp-content\plugins\taskbook\includes\CMB2\includes\CMB2.php on line 1553
[05-Jul-2023 19:14:54 UTC] PHP Warning:  Undefined array key "type" in D:\wordpress\wp-local\headless-cms\app\public\wp-content\plugins\taskbook\includes\CMB2\includes\CMB2.php on line 1553
[05-Jul-2023 19:14:55 UTC] PHP Warning:  Undefined array key "type" in D:\wordpress\wp-local\headless-cms\app\public\wp-content\plugins\taskbook\includes\CMB2\includes\CMB2.php on line 1553
[05-Jul-2023 19:14:58 UTC] PHP Warning:  Undefined array key "type" in D:\wordpress\wp-local\headless-cms\app\public\wp-content\plugins\taskbook\includes\CMB2\includes\CMB2.php on line 1553
[05-Jul-2023 19:15:05 UTC] PHP Warning:  Undefined array key "type" in D:\wordpress\wp-local\headless-cms\app\public\wp-content\plugins\taskbook\includes\CMB2\includes\CMB2.php on line 1553
[05-Jul-2023 19:15:06 UTC] PHP Warning:  Undefined array key "type" in D:\wordpress\wp-local\headless-cms\app\public\wp-content\plugins\taskbook\includes\CMB2\includes\CMB2.php on line 1553
[05-Jul-2023 19:15:14 UTC] PHP Warning:  Undefined array key "type" in D:\wordpress\wp-local\headless-cms\app\public\wp-content\plugins\taskbook\includes\CMB2\includes\CMB2.php on line 1553
[05-Jul-2023 19:16:07 UTC] PHP Warning:  Undefined array key "type" in D:\wordpress\wp-local\headless-cms\app\public\wp-content\plugins\taskbook\includes\CMB2\includes\CMB2.php on line 1553
[05-Jul-2023 19:16:29 UTC] PHP Warning:  Undefined array key "type" in D:\wordpress\wp-local\headless-cms\app\public\wp-content\plugins\taskbook\includes\CMB2\includes\CMB2.php on line 1553
[05-Jul-2023 19:16:40 UTC] PHP Warning:  Undefined array key "type" in D:\wordpress\wp-local\headless-cms\app\public\wp-content\plugins\taskbook\includes\CMB2\includes\CMB2.php on line 1553
[05-Jul-2023 19:16:49 UTC] PHP Warning:  Undefined array key "type" in D:\wordpress\wp-local\headless-cms\app\public\wp-content\plugins\taskbook\includes\CMB2\includes\CMB2.php on line 1553
[05-Jul-2023 19:17:02 UTC] PHP Warning:  Undefined array key "type" in D:\wordpress\wp-local\headless-cms\app\public\wp-content\plugins\taskbook\includes\CMB2\includes\CMB2.php on line 1553
[05-Jul-2023 19:17:35 UTC] PHP Warning:  Undefined array key "type" in D:\wordpress\wp-local\headless-cms\app\public\wp-content\plugins\taskbook\includes\CMB2\includes\CMB2.php on line 1553
[05-Jul-2023 19:17:40 UTC] PHP Warning:  Undefined array key "type" in D:\wordpress\wp-local\headless-cms\app\public\wp-content\plugins\taskbook\includes\CMB2\includes\CMB2.php on line 1553
[05-Jul-2023 19:17:40 UTC] PHP Warning:  Undefined array key "type" in D:\wordpress\wp-local\headless-cms\app\public\wp-content\plugins\taskbook\includes\CMB2\includes\CMB2.php on line 1553
[05-Jul-2023 19:17:41 UTC] PHP Warning:  Undefined array key "type" in D:\wordpress\wp-local\headless-cms\app\public\wp-content\plugins\taskbook\includes\CMB2\includes\CMB2.php on line 1553
[05-Jul-2023 19:17:56 UTC] PHP Warning:  Undefined array key "type" in D:\wordpress\wp-local\headless-cms\app\public\wp-content\plugins\taskbook\includes\CMB2\includes\CMB2.php on line 1553
[05-Jul-2023 19:19:15 UTC] PHP Warning:  Undefined array key "type" in D:\wordpress\wp-local\headless-cms\app\public\wp-content\plugins\taskbook\includes\CMB2\includes\CMB2.php on line 1553
[05-Jul-2023 19:19:30 UTC] PHP Warning:  Undefined array key "type" in D:\wordpress\wp-local\headless-cms\app\public\wp-content\plugins\taskbook\includes\CMB2\includes\CMB2.php on line 1553
[05-Jul-2023 19:19:30 UTC] PHP Warning:  Undefined array key "type" in D:\wordpress\wp-local\headless-cms\app\public\wp-content\plugins\taskbook\includes\CMB2\includes\CMB2_Field.php on line 1371
[05-Jul-2023 19:19:33 UTC] PHP Warning:  Undefined array key "type" in D:\wordpress\wp-local\headless-cms\app\public\wp-content\plugins\taskbook\includes\CMB2\includes\CMB2.php on line 1553
[05-Jul-2023 19:19:36 UTC] PHP Warning:  Undefined array key "type" in D:\wordpress\wp-local\headless-cms\app\public\wp-content\plugins\taskbook\includes\CMB2\includes\CMB2.php on line 1553
[05-Jul-2023 19:19:37 UTC] PHP Warning:  Undefined array key "type" in D:\wordpress\wp-local\headless-cms\app\public\wp-content\plugins\taskbook\includes\CMB2\includes\CMB2.php on line 1553
[05-Jul-2023 19:19:52 UTC] PHP Warning:  Undefined array key "type" in D:\wordpress\wp-local\headless-cms\app\public\wp-content\plugins\taskbook\includes\CMB2\includes\CMB2.php on line 1553
[05-Jul-2023 19:19:52 UTC] PHP Warning:  Undefined array key "type" in D:\wordpress\wp-local\headless-cms\app\public\wp-content\plugins\taskbook\includes\CMB2\includes\CMB2_Field.php on line 1371
[05-Jul-2023 19:19:52 UTC] PHP Warning:  Undefined array key "type" in D:\wordpress\wp-local\headless-cms\app\public\wp-content\plugins\taskbook\includes\CMB2\includes\CMB2.php on line 1553
[05-Jul-2023 19:20:15 UTC] PHP Warning:  Undefined array key "type" in D:\wordpress\wp-local\headless-cms\app\public\wp-content\plugins\taskbook\includes\CMB2\includes\CMB2.php on line 1553
[05-Jul-2023 19:20:17 UTC] PHP Warning:  Undefined array key "type" in D:\wordpress\wp-local\headless-cms\app\public\wp-content\plugins\taskbook\includes\CMB2\includes\CMB2.php on line 1553
[05-Jul-2023 19:20:18 UTC] PHP Warning:  Undefined array key "type" in D:\wordpress\wp-local\headless-cms\app\public\wp-content\plugins\taskbook\includes\CMB2\includes\CMB2.php on line 1553
[05-Jul-2023 19:20:19 UTC] PHP Warning:  Undefined array key "type" in D:\wordpress\wp-local\headless-cms\app\public\wp-content\plugins\taskbook\includes\CMB2\includes\CMB2.php on line 1553
[05-Jul-2023 19:20:22 UTC] PHP Warning:  Undefined array key "type" in D:\wordpress\wp-local\headless-cms\app\public\wp-content\plugins\taskbook\includes\CMB2\includes\CMB2.php on line 1553
[05-Jul-2023 19:20:34 UTC] PHP Warning:  Undefined array key "type" in D:\wordpress\wp-local\headless-cms\app\public\wp-content\plugins\taskbook\includes\CMB2\includes\CMB2.php on line 1553
[05-Jul-2023 19:21:35 UTC] PHP Warning:  Undefined array key "type" in D:\wordpress\wp-local\headless-cms\app\public\wp-content\plugins\taskbook\includes\CMB2\includes\CMB2.php on line 1553
[05-Jul-2023 19:21:51 UTC] PHP Warning:  Undefined array key "type" in D:\wordpress\wp-local\headless-cms\app\public\wp-content\plugins\taskbook\includes\CMB2\includes\CMB2.php on line 1553
[05-Jul-2023 19:22:34 UTC] PHP Warning:  Undefined array key "type" in D:\wordpress\wp-local\headless-cms\app\public\wp-content\plugins\taskbook\includes\CMB2\includes\CMB2.php on line 1553
[05-Jul-2023 19:22:39 UTC] PHP Warning:  Undefined array key "type" in D:\wordpress\wp-local\headless-cms\app\public\wp-content\plugins\taskbook\includes\CMB2\includes\CMB2.php on line 1553
[05-Jul-2023 19:22:54 UTC] PHP Warning:  Undefined array key "type" in D:\wordpress\wp-local\headless-cms\app\public\wp-content\plugins\taskbook\includes\CMB2\includes\CMB2.php on line 1553
[05-Jul-2023 19:23:40 UTC] PHP Warning:  Undefined array key "type" in D:\wordpress\wp-local\headless-cms\app\public\wp-content\plugins\taskbook\includes\CMB2\includes\CMB2.php on line 1553
[05-Jul-2023 19:23:55 UTC] PHP Warning:  Undefined array key "type" in D:\wordpress\wp-local\headless-cms\app\public\wp-content\plugins\taskbook\includes\CMB2\includes\CMB2.php on line 1553
[05-Jul-2023 19:24:55 UTC] PHP Warning:  Undefined array key "type" in D:\wordpress\wp-local\headless-cms\app\public\wp-content\plugins\taskbook\includes\CMB2\includes\CMB2.php on line 1553
[05-Jul-2023 19:25:41 UTC] PHP Warning:  Undefined array key "type" in D:\wordpress\wp-local\headless-cms\app\public\wp-content\plugins\taskbook\includes\CMB2\includes\CMB2.php on line 1553
[05-Jul-2023 19:25:55 UTC] PHP Warning:  Undefined array key "type" in D:\wordpress\wp-local\headless-cms\app\public\wp-content\plugins\taskbook\includes\CMB2\includes\CMB2.php on line 1553
[05-Jul-2023 19:26:55 UTC] PHP Warning:  Undefined array key "type" in D:\wordpress\wp-local\headless-cms\app\public\wp-content\plugins\taskbook\includes\CMB2\includes\CMB2.php on line 1553
[05-Jul-2023 19:27:42 UTC] PHP Warning:  Undefined array key "type" in D:\wordpress\wp-local\headless-cms\app\public\wp-content\plugins\taskbook\includes\CMB2\includes\CMB2.php on line 1553
[05-Jul-2023 19:27:55 UTC] PHP Warning:  Undefined array key "type" in D:\wordpress\wp-local\headless-cms\app\public\wp-content\plugins\taskbook\includes\CMB2\includes\CMB2.php on line 1553
[05-Jul-2023 19:28:55 UTC] PHP Warning:  Undefined array key "type" in D:\wordpress\wp-local\headless-cms\app\public\wp-content\plugins\taskbook\includes\CMB2\includes\CMB2.php on line 1553
[05-Jul-2023 19:29:43 UTC] PHP Warning:  Undefined array key "type" in D:\wordpress\wp-local\headless-cms\app\public\wp-content\plugins\taskbook\includes\CMB2\includes\CMB2.php on line 1553
[05-Jul-2023 19:29:55 UTC] PHP Warning:  Undefined array key "type" in D:\wordpress\wp-local\headless-cms\app\public\wp-content\plugins\taskbook\includes\CMB2\includes\CMB2.php on line 1553
[05-Jul-2023 19:30:55 UTC] PHP Warning:  Undefined array key "type" in D:\wordpress\wp-local\headless-cms\app\public\wp-content\plugins\taskbook\includes\CMB2\includes\CMB2.php on line 1553
[05-Jul-2023 19:31:02 UTC] PHP Warning:  Undefined array key "type" in D:\wordpress\wp-local\headless-cms\app\public\wp-content\plugins\taskbook\includes\CMB2\includes\CMB2.php on line 1553
[05-Jul-2023 19:31:32 UTC] PHP Warning:  Undefined array key "type" in D:\wordpress\wp-local\headless-cms\app\public\wp-content\plugins\taskbook\includes\CMB2\includes\CMB2.php on line 1553
[05-Jul-2023 19:31:32 UTC] PHP Warning:  Undefined array key "type" in D:\wordpress\wp-local\headless-cms\app\public\wp-content\plugins\taskbook\includes\CMB2\includes\CMB2.php on line 1553
[05-Jul-2023 19:31:40 UTC] PHP Warning:  Undefined array key "type" in D:\wordpress\wp-local\headless-cms\app\public\wp-content\plugins\taskbook\includes\CMB2\includes\CMB2.php on line 1553
[05-Jul-2023 19:31:55 UTC] PHP Warning:  Undefined array key "type" in D:\wordpress\wp-local\headless-cms\app\public\wp-content\plugins\taskbook\includes\CMB2\includes\CMB2.php on line 1553
[05-Jul-2023 19:32:42 UTC] PHP Warning:  Undefined array key "type" in D:\wordpress\wp-local\headless-cms\app\public\wp-content\plugins\taskbook\includes\CMB2\includes\CMB2.php on line 1553
[05-Jul-2023 19:33:56 UTC] PHP Warning:  Undefined array key "type" in D:\wordpress\wp-local\headless-cms\app\public\wp-content\plugins\taskbook\includes\CMB2\includes\CMB2.php on line 1553
[05-Jul-2023 19:34:42 UTC] PHP Warning:  Undefined array key "type" in D:\wordpress\wp-local\headless-cms\app\public\wp-content\plugins\taskbook\includes\CMB2\includes\CMB2.php on line 1553
[05-Jul-2023 19:35:02 UTC] PHP Warning:  Undefined array key "type" in D:\wordpress\wp-local\headless-cms\app\public\wp-content\plugins\taskbook\includes\CMB2\includes\CMB2.php on line 1553
[05-Jul-2023 19:35:04 UTC] PHP Warning:  Undefined array key "type" in D:\wordpress\wp-local\headless-cms\app\public\wp-content\plugins\taskbook\includes\CMB2\includes\CMB2.php on line 1553
[05-Jul-2023 19:35:08 UTC] PHP Warning:  Undefined array key "type" in D:\wordpress\wp-local\headless-cms\app\public\wp-content\plugins\taskbook\includes\CMB2\includes\CMB2.php on line 1553
[05-Jul-2023 19:35:08 UTC] PHP Warning:  Undefined array key "type" in D:\wordpress\wp-local\headless-cms\app\public\wp-content\plugins\taskbook\includes\CMB2\includes\CMB2_Field.php on line 1371
[05-Jul-2023 19:35:08 UTC] PHP Warning:  Undefined array key "type" in D:\wordpress\wp-local\headless-cms\app\public\wp-content\plugins\taskbook\includes\CMB2\includes\CMB2.php on line 448
[05-Jul-2023 19:35:08 UTC] PHP Warning:  Undefined array key "type" in D:\wordpress\wp-local\headless-cms\app\public\wp-content\plugins\taskbook\includes\CMB2\includes\CMB2.php on line 455
[05-Jul-2023 19:35:10 UTC] PHP Warning:  Undefined array key "type" in D:\wordpress\wp-local\headless-cms\app\public\wp-content\plugins\taskbook\includes\CMB2\includes\CMB2.php on line 1553
[05-Jul-2023 19:35:11 UTC] PHP Warning:  Undefined array key "type" in D:\wordpress\wp-local\headless-cms\app\public\wp-content\plugins\taskbook\includes\CMB2\includes\CMB2.php on line 1553
[05-Jul-2023 19:35:11 UTC] PHP Warning:  Undefined array key "type" in D:\wordpress\wp-local\headless-cms\app\public\wp-content\plugins\taskbook\includes\CMB2\includes\CMB2.php on line 1553
[05-Jul-2023 19:35:11 UTC] PHP Warning:  Undefined array key "type" in D:\wordpress\wp-local\headless-cms\app\public\wp-content\plugins\taskbook\includes\CMB2\includes\CMB2.php on line 1553
[05-Jul-2023 19:35:11 UTC] PHP Warning:  Undefined array key "type" in D:\wordpress\wp-local\headless-cms\app\public\wp-content\plugins\taskbook\includes\CMB2\includes\CMB2.php on line 1553
[05-Jul-2023 19:35:11 UTC] PHP Warning:  Undefined array key "type" in D:\wordpress\wp-local\headless-cms\app\public\wp-content\plugins\taskbook\includes\CMB2\includes\CMB2.php on line 1553
[05-Jul-2023 19:35:11 UTC] PHP Warning:  Undefined array key "type" in D:\wordpress\wp-local\headless-cms\app\public\wp-content\plugins\taskbook\includes\CMB2\includes\CMB2.php on line 1553
[05-Jul-2023 19:35:12 UTC] PHP Warning:  Undefined array key "type" in D:\wordpress\wp-local\headless-cms\app\public\wp-content\plugins\taskbook\includes\CMB2\includes\CMB2.php on line 1553
[05-Jul-2023 19:35:12 UTC] PHP Warning:  Undefined array key "type" in D:\wordpress\wp-local\headless-cms\app\public\wp-content\plugins\taskbook\includes\CMB2\includes\CMB2.php on line 1553
[05-Jul-2023 19:35:12 UTC] PHP Warning:  Undefined array key "type" in D:\wordpress\wp-local\headless-cms\app\public\wp-content\plugins\taskbook\includes\CMB2\includes\CMB2.php on line 1553
[05-Jul-2023 19:35:17 UTC] PHP Warning:  Undefined array key "type" in D:\wordpress\wp-local\headless-cms\app\public\wp-content\plugins\taskbook\includes\CMB2\includes\CMB2.php on line 1553
[05-Jul-2023 19:35:17 UTC] PHP Warning:  Undefined array key "type" in D:\wordpress\wp-local\headless-cms\app\public\wp-content\plugins\taskbook\includes\CMB2\includes\CMB2.php on line 1553
[05-Jul-2023 19:35:20 UTC] PHP Warning:  Undefined array key "type" in D:\wordpress\wp-local\headless-cms\app\public\wp-content\plugins\taskbook\includes\CMB2\includes\CMB2.php on line 1553
[05-Jul-2023 19:35:33 UTC] PHP Warning:  Undefined array key "type" in D:\wordpress\wp-local\headless-cms\app\public\wp-content\plugins\taskbook\includes\CMB2\includes\CMB2.php on line 1553
[05-Jul-2023 19:35:34 UTC] PHP Warning:  Undefined array key "type" in D:\wordpress\wp-local\headless-cms\app\public\wp-content\plugins\taskbook\includes\CMB2\includes\CMB2.php on line 1553
[05-Jul-2023 19:35:40 UTC] PHP Warning:  Undefined array key "type" in D:\wordpress\wp-local\headless-cms\app\public\wp-content\plugins\taskbook\includes\CMB2\includes\CMB2.php on line 1553
[05-Jul-2023 19:35:42 UTC] PHP Warning:  Undefined array key "type" in D:\wordpress\wp-local\headless-cms\app\public\wp-content\plugins\taskbook\includes\CMB2\includes\CMB2.php on line 1553
[05-Jul-2023 19:35:42 UTC] PHP Warning:  Undefined array key "type" in D:\wordpress\wp-local\headless-cms\app\public\wp-content\plugins\taskbook\includes\CMB2\includes\CMB2.php on line 1553
[05-Jul-2023 19:35:42 UTC] PHP Warning:  Undefined array key "type" in D:\wordpress\wp-local\headless-cms\app\public\wp-content\plugins\taskbook\includes\CMB2\includes\CMB2.php on line 1553
[05-Jul-2023 19:35:43 UTC] PHP Warning:  Undefined array key "type" in D:\wordpress\wp-local\headless-cms\app\public\wp-content\plugins\taskbook\includes\CMB2\includes\CMB2.php on line 1553
[05-Jul-2023 19:35:43 UTC] PHP Warning:  Undefined array key "type" in D:\wordpress\wp-local\headless-cms\app\public\wp-content\plugins\taskbook\includes\CMB2\includes\CMB2.php on line 1553
[05-Jul-2023 19:35:43 UTC] PHP Warning:  Undefined array key "type" in D:\wordpress\wp-local\headless-cms\app\public\wp-content\plugins\taskbook\includes\CMB2\includes\CMB2.php on line 1553
[05-Jul-2023 19:35:43 UTC] PHP Warning:  Undefined array key "type" in D:\wordpress\wp-local\headless-cms\app\public\wp-content\plugins\taskbook\includes\CMB2\includes\CMB2.php on line 1553
[05-Jul-2023 19:35:43 UTC] PHP Warning:  Undefined array key "type" in D:\wordpress\wp-local\headless-cms\app\public\wp-content\plugins\taskbook\includes\CMB2\includes\CMB2.php on line 1553
[05-Jul-2023 19:35:43 UTC] PHP Warning:  Undefined array key "type" in D:\wordpress\wp-local\headless-cms\app\public\wp-content\plugins\taskbook\includes\CMB2\includes\CMB2.php on line 1553
[05-Jul-2023 19:35:44 UTC] PHP Warning:  Undefined array key "type" in D:\wordpress\wp-local\headless-cms\app\public\wp-content\plugins\taskbook\includes\CMB2\includes\CMB2.php on line 1553
[05-Jul-2023 19:35:45 UTC] PHP Warning:  Undefined array key "type" in D:\wordpress\wp-local\headless-cms\app\public\wp-content\plugins\taskbook\includes\CMB2\includes\CMB2.php on line 1553
[05-Jul-2023 19:35:48 UTC] PHP Warning:  Undefined array key "type" in D:\wordpress\wp-local\headless-cms\app\public\wp-content\plugins\taskbook\includes\CMB2\includes\CMB2.php on line 1553
[05-Jul-2023 19:35:51 UTC] PHP Warning:  Undefined array key "type" in D:\wordpress\wp-local\headless-cms\app\public\wp-content\plugins\taskbook\includes\CMB2\includes\CMB2.php on line 1553
[05-Jul-2023 19:35:51 UTC] PHP Warning:  Undefined array key "type" in D:\wordpress\wp-local\headless-cms\app\public\wp-content\plugins\taskbook\includes\CMB2\includes\CMB2.php on line 1553
[05-Jul-2023 19:35:52 UTC] PHP Warning:  Undefined array key "type" in D:\wordpress\wp-local\headless-cms\app\public\wp-content\plugins\taskbook\includes\CMB2\includes\CMB2.php on line 1553
[05-Jul-2023 19:35:52 UTC] PHP Warning:  Undefined array key "type" in D:\wordpress\wp-local\headless-cms\app\public\wp-content\plugins\taskbook\includes\CMB2\includes\CMB2.php on line 1553
[05-Jul-2023 19:35:52 UTC] PHP Warning:  Undefined array key "type" in D:\wordpress\wp-local\headless-cms\app\public\wp-content\plugins\taskbook\includes\CMB2\includes\CMB2.php on line 1553
[05-Jul-2023 19:35:52 UTC] PHP Warning:  Undefined array key "type" in D:\wordpress\wp-local\headless-cms\app\public\wp-content\plugins\taskbook\includes\CMB2\includes\CMB2.php on line 1553
[05-Jul-2023 19:35:52 UTC] PHP Warning:  Undefined array key "type" in D:\wordpress\wp-local\headless-cms\app\public\wp-content\plugins\taskbook\includes\CMB2\includes\CMB2.php on line 1553
[05-Jul-2023 19:35:52 UTC] PHP Warning:  Undefined array key "type" in D:\wordpress\wp-local\headless-cms\app\public\wp-content\plugins\taskbook\includes\CMB2\includes\CMB2.php on line 1553
[05-Jul-2023 19:35:52 UTC] PHP Warning:  Undefined array key "type" in D:\wordpress\wp-local\headless-cms\app\public\wp-content\plugins\taskbook\includes\CMB2\includes\CMB2.php on line 1553
[05-Jul-2023 19:35:54 UTC] PHP Warning:  Undefined array key "type" in D:\wordpress\wp-local\headless-cms\app\public\wp-content\plugins\taskbook\includes\CMB2\includes\CMB2.php on line 1553
[05-Jul-2023 19:35:54 UTC] PHP Warning:  Undefined array key "type" in D:\wordpress\wp-local\headless-cms\app\public\wp-content\plugins\taskbook\includes\CMB2\includes\CMB2.php on line 1553
[05-Jul-2023 19:36:09 UTC] PHP Warning:  Undefined array key "type" in D:\wordpress\wp-local\headless-cms\app\public\wp-content\plugins\taskbook\includes\CMB2\includes\CMB2.php on line 1553
[05-Jul-2023 19:36:11 UTC] PHP Warning:  Undefined array key "type" in D:\wordpress\wp-local\headless-cms\app\public\wp-content\plugins\taskbook\includes\CMB2\includes\CMB2.php on line 1553
[05-Jul-2023 19:36:12 UTC] PHP Warning:  Undefined array key "type" in D:\wordpress\wp-local\headless-cms\app\public\wp-content\plugins\taskbook\includes\CMB2\includes\CMB2.php on line 1553
[05-Jul-2023 19:36:14 UTC] PHP Warning:  Undefined array key "type" in D:\wordpress\wp-local\headless-cms\app\public\wp-content\plugins\taskbook\includes\CMB2\includes\CMB2.php on line 1553
[05-Jul-2023 19:36:14 UTC] PHP Warning:  Undefined array key "type" in D:\wordpress\wp-local\headless-cms\app\public\wp-content\plugins\taskbook\includes\CMB2\includes\CMB2_Field.php on line 1371
[05-Jul-2023 19:36:14 UTC] PHP Warning:  Undefined array key "type" in D:\wordpress\wp-local\headless-cms\app\public\wp-content\plugins\taskbook\includes\CMB2\includes\CMB2.php on line 448
[05-Jul-2023 19:36:14 UTC] PHP Warning:  Undefined array key "type" in D:\wordpress\wp-local\headless-cms\app\public\wp-content\plugins\taskbook\includes\CMB2\includes\CMB2.php on line 455
[05-Jul-2023 19:36:16 UTC] PHP Warning:  Undefined array key "type" in D:\wordpress\wp-local\headless-cms\app\public\wp-content\plugins\taskbook\includes\CMB2\includes\CMB2.php on line 1553
[05-Jul-2023 19:36:16 UTC] PHP Warning:  Undefined array key "type" in D:\wordpress\wp-local\headless-cms\app\public\wp-content\plugins\taskbook\includes\CMB2\includes\CMB2.php on line 1553
[05-Jul-2023 19:36:17 UTC] PHP Warning:  Undefined array key "type" in D:\wordpress\wp-local\headless-cms\app\public\wp-content\plugins\taskbook\includes\CMB2\includes\CMB2.php on line 1553
[05-Jul-2023 19:36:17 UTC] PHP Warning:  Undefined array key "type" in D:\wordpress\wp-local\headless-cms\app\public\wp-content\plugins\taskbook\includes\CMB2\includes\CMB2.php on line 1553
[05-Jul-2023 19:36:17 UTC] PHP Warning:  Undefined array key "type" in D:\wordpress\wp-local\headless-cms\app\public\wp-content\plugins\taskbook\includes\CMB2\includes\CMB2.php on line 1553
[05-Jul-2023 19:36:17 UTC] PHP Warning:  Undefined array key "type" in D:\wordpress\wp-local\headless-cms\app\public\wp-content\plugins\taskbook\includes\CMB2\includes\CMB2.php on line 1553
[05-Jul-2023 19:36:17 UTC] PHP Warning:  Undefined array key "type" in D:\wordpress\wp-local\headless-cms\app\public\wp-content\plugins\taskbook\includes\CMB2\includes\CMB2.php on line 1553
[05-Jul-2023 19:36:17 UTC] PHP Warning:  Undefined array key "type" in D:\wordpress\wp-local\headless-cms\app\public\wp-content\plugins\taskbook\includes\CMB2\includes\CMB2.php on line 1553
[05-Jul-2023 19:36:17 UTC] PHP Warning:  Undefined array key "type" in D:\wordpress\wp-local\headless-cms\app\public\wp-content\plugins\taskbook\includes\CMB2\includes\CMB2.php on line 1553
[05-Jul-2023 19:36:18 UTC] PHP Warning:  Undefined array key "type" in D:\wordpress\wp-local\headless-cms\app\public\wp-content\plugins\taskbook\includes\CMB2\includes\CMB2.php on line 1553
[05-Jul-2023 19:36:19 UTC] PHP Warning:  Undefined array key "type" in D:\wordpress\wp-local\headless-cms\app\public\wp-content\plugins\taskbook\includes\CMB2\includes\CMB2.php on line 1553
[05-Jul-2023 19:36:20 UTC] PHP Warning:  Undefined array key "type" in D:\wordpress\wp-local\headless-cms\app\public\wp-content\plugins\taskbook\includes\CMB2\includes\CMB2.php on line 1553
[05-Jul-2023 19:36:23 UTC] PHP Warning:  Undefined array key "type" in D:\wordpress\wp-local\headless-cms\app\public\wp-content\plugins\taskbook\includes\CMB2\includes\CMB2.php on line 1553
[05-Jul-2023 19:36:24 UTC] PHP Warning:  Undefined array key "type" in D:\wordpress\wp-local\headless-cms\app\public\wp-content\plugins\taskbook\includes\CMB2\includes\CMB2.php on line 1553
[05-Jul-2023 19:36:27 UTC] PHP Warning:  Undefined array key "type" in D:\wordpress\wp-local\headless-cms\app\public\wp-content\plugins\taskbook\includes\CMB2\includes\CMB2.php on line 1553
[05-Jul-2023 19:36:27 UTC] PHP Warning:  Undefined array key "type" in D:\wordpress\wp-local\headless-cms\app\public\wp-content\plugins\taskbook\includes\CMB2\includes\CMB2.php on line 1553
[05-Jul-2023 19:36:28 UTC] PHP Warning:  Undefined array key "type" in D:\wordpress\wp-local\headless-cms\app\public\wp-content\plugins\taskbook\includes\CMB2\includes\CMB2.php on line 1553
[05-Jul-2023 19:36:30 UTC] PHP Warning:  Undefined array key "type" in D:\wordpress\wp-local\headless-cms\app\public\wp-content\plugins\taskbook\includes\CMB2\includes\CMB2.php on line 1553
[05-Jul-2023 19:36:31 UTC] PHP Warning:  Undefined array key "type" in D:\wordpress\wp-local\headless-cms\app\public\wp-content\plugins\taskbook\includes\CMB2\includes\CMB2.php on line 1553
[05-Jul-2023 19:36:33 UTC] PHP Warning:  Undefined array key "type" in D:\wordpress\wp-local\headless-cms\app\public\wp-content\plugins\taskbook\includes\CMB2\includes\CMB2.php on line 1553
[05-Jul-2023 19:36:33 UTC] PHP Warning:  Undefined array key "type" in D:\wordpress\wp-local\headless-cms\app\public\wp-content\plugins\taskbook\includes\CMB2\includes\CMB2_Field.php on line 1371
[05-Jul-2023 19:36:33 UTC] PHP Warning:  Undefined array key "type" in D:\wordpress\wp-local\headless-cms\app\public\wp-content\plugins\taskbook\includes\CMB2\includes\CMB2.php on line 448
[05-Jul-2023 19:36:33 UTC] PHP Warning:  Undefined array key "type" in D:\wordpress\wp-local\headless-cms\app\public\wp-content\plugins\taskbook\includes\CMB2\includes\CMB2.php on line 455
[05-Jul-2023 19:36:36 UTC] PHP Warning:  Undefined array key "type" in D:\wordpress\wp-local\headless-cms\app\public\wp-content\plugins\taskbook\includes\CMB2\includes\CMB2.php on line 1553
[05-Jul-2023 19:36:36 UTC] PHP Warning:  Undefined array key "type" in D:\wordpress\wp-local\headless-cms\app\public\wp-content\plugins\taskbook\includes\CMB2\includes\CMB2.php on line 1553
[05-Jul-2023 19:36:37 UTC] PHP Warning:  Undefined array key "type" in D:\wordpress\wp-local\headless-cms\app\public\wp-content\plugins\taskbook\includes\CMB2\includes\CMB2.php on line 1553
[05-Jul-2023 19:36:37 UTC] PHP Warning:  Undefined array key "type" in D:\wordpress\wp-local\headless-cms\app\public\wp-content\plugins\taskbook\includes\CMB2\includes\CMB2.php on line 1553
[05-Jul-2023 19:36:37 UTC] PHP Warning:  Undefined array key "type" in D:\wordpress\wp-local\headless-cms\app\public\wp-content\plugins\taskbook\includes\CMB2\includes\CMB2.php on line 1553
[05-Jul-2023 19:36:37 UTC] PHP Warning:  Undefined array key "type" in D:\wordpress\wp-local\headless-cms\app\public\wp-content\plugins\taskbook\includes\CMB2\includes\CMB2.php on line 1553
[05-Jul-2023 19:36:37 UTC] PHP Warning:  Undefined array key "type" in D:\wordpress\wp-local\headless-cms\app\public\wp-content\plugins\taskbook\includes\CMB2\includes\CMB2.php on line 1553
[05-Jul-2023 19:36:37 UTC] PHP Warning:  Undefined array key "type" in D:\wordpress\wp-local\headless-cms\app\public\wp-content\plugins\taskbook\includes\CMB2\includes\CMB2.php on line 1553
[05-Jul-2023 19:36:38 UTC] PHP Warning:  Undefined array key "type" in D:\wordpress\wp-local\headless-cms\app\public\wp-content\plugins\taskbook\includes\CMB2\includes\CMB2.php on line 1553
[05-Jul-2023 19:37:36 UTC] PHP Warning:  Undefined array key "type" in D:\wordpress\wp-local\headless-cms\app\public\wp-content\plugins\taskbook\includes\CMB2\includes\CMB2.php on line 1553
[05-Jul-2023 19:38:10 UTC] PHP Warning:  Undefined array key "type" in D:\wordpress\wp-local\headless-cms\app\public\wp-content\plugins\taskbook\includes\CMB2\includes\CMB2.php on line 1553
[05-Jul-2023 19:38:21 UTC] PHP Warning:  Undefined array key "type" in D:\wordpress\wp-local\headless-cms\app\public\wp-content\plugins\taskbook\includes\CMB2\includes\CMB2.php on line 1553
[05-Jul-2023 19:38:22 UTC] PHP Warning:  Undefined array key "type" in D:\wordpress\wp-local\headless-cms\app\public\wp-content\plugins\taskbook\includes\CMB2\includes\CMB2.php on line 1553
[05-Jul-2023 19:38:25 UTC] PHP Warning:  Undefined array key "type" in D:\wordpress\wp-local\headless-cms\app\public\wp-content\plugins\taskbook\includes\CMB2\includes\CMB2.php on line 1553
[05-Jul-2023 19:38:36 UTC] PHP Warning:  Undefined array key "type" in D:\wordpress\wp-local\headless-cms\app\public\wp-content\plugins\taskbook\includes\CMB2\includes\CMB2.php on line 1553
[05-Jul-2023 19:38:38 UTC] PHP Warning:  Undefined array key "type" in D:\wordpress\wp-local\headless-cms\app\public\wp-content\plugins\taskbook\includes\CMB2\includes\CMB2.php on line 1553
[05-Jul-2023 19:38:38 UTC] PHP Warning:  Undefined array key "type" in D:\wordpress\wp-local\headless-cms\app\public\wp-content\plugins\taskbook\includes\CMB2\includes\CMB2_Field.php on line 1371
[05-Jul-2023 19:39:00 UTC] PHP Warning:  Undefined array key "type" in D:\wordpress\wp-local\headless-cms\app\public\wp-content\plugins\taskbook\includes\CMB2\includes\CMB2.php on line 1553
[05-Jul-2023 19:39:27 UTC] PHP Warning:  Undefined array key "type" in D:\wordpress\wp-local\headless-cms\app\public\wp-content\plugins\taskbook\includes\CMB2\includes\CMB2.php on line 1553
[05-Jul-2023 19:39:40 UTC] PHP Warning:  Undefined array key "type" in D:\wordpress\wp-local\headless-cms\app\public\wp-content\plugins\taskbook\includes\CMB2\includes\CMB2.php on line 1553
[05-Jul-2023 19:39:53 UTC] PHP Warning:  Undefined array key "type" in D:\wordpress\wp-local\headless-cms\app\public\wp-content\plugins\taskbook\includes\CMB2\includes\CMB2.php on line 1553
[05-Jul-2023 19:40:02 UTC] PHP Warning:  Undefined array key "type" in D:\wordpress\wp-local\headless-cms\app\public\wp-content\plugins\taskbook\includes\CMB2\includes\CMB2.php on line 1553
[05-Jul-2023 19:40:29 UTC] PHP Warning:  Undefined array key "type" in D:\wordpress\wp-local\headless-cms\app\public\wp-content\plugins\taskbook\includes\CMB2\includes\CMB2.php on line 1553
[05-Jul-2023 19:40:30 UTC] PHP Warning:  Undefined array key "type" in D:\wordpress\wp-local\headless-cms\app\public\wp-content\plugins\taskbook\includes\CMB2\includes\CMB2_Field.php on line 1371
[05-Jul-2023 19:40:38 UTC] PHP Warning:  Undefined array key "type" in D:\wordpress\wp-local\headless-cms\app\public\wp-content\plugins\taskbook\includes\CMB2\includes\CMB2.php on line 1553
[05-Jul-2023 19:40:41 UTC] PHP Warning:  Undefined array key "type" in D:\wordpress\wp-local\headless-cms\app\public\wp-content\plugins\taskbook\includes\CMB2\includes\CMB2.php on line 1553
[05-Jul-2023 19:40:42 UTC] PHP Warning:  Undefined array key "type" in D:\wordpress\wp-local\headless-cms\app\public\wp-content\plugins\taskbook\includes\CMB2\includes\CMB2.php on line 1553
[05-Jul-2023 19:40:46 UTC] PHP Warning:  Undefined array key "type" in D:\wordpress\wp-local\headless-cms\app\public\wp-content\plugins\taskbook\includes\CMB2\includes\CMB2.php on line 1553
[05-Jul-2023 19:40:46 UTC] PHP Warning:  Undefined array key "type" in D:\wordpress\wp-local\headless-cms\app\public\wp-content\plugins\taskbook\includes\CMB2\includes\CMB2.php on line 1553
[05-Jul-2023 19:40:47 UTC] PHP Warning:  Undefined array key "type" in D:\wordpress\wp-local\headless-cms\app\public\wp-content\plugins\taskbook\includes\CMB2\includes\CMB2.php on line 1553
[05-Jul-2023 19:41:02 UTC] PHP Warning:  Undefined array key "type" in D:\wordpress\wp-local\headless-cms\app\public\wp-content\plugins\taskbook\includes\CMB2\includes\CMB2.php on line 1553
[05-Jul-2023 19:41:17 UTC] PHP Warning:  Undefined array key "type" in D:\wordpress\wp-local\headless-cms\app\public\wp-content\plugins\taskbook\includes\CMB2\includes\CMB2.php on line 1553
[05-Jul-2023 19:41:32 UTC] PHP Warning:  Undefined array key "type" in D:\wordpress\wp-local\headless-cms\app\public\wp-content\plugins\taskbook\includes\CMB2\includes\CMB2.php on line 1553
[05-Jul-2023 19:41:47 UTC] PHP Warning:  Undefined array key "type" in D:\wordpress\wp-local\headless-cms\app\public\wp-content\plugins\taskbook\includes\CMB2\includes\CMB2.php on line 1553
[05-Jul-2023 19:42:21 UTC] PHP Warning:  Undefined array key "type" in D:\wordpress\wp-local\headless-cms\app\public\wp-content\plugins\taskbook\includes\CMB2\includes\CMB2.php on line 1553
[05-Jul-2023 19:42:27 UTC] PHP Warning:  Undefined array key "type" in D:\wordpress\wp-local\headless-cms\app\public\wp-content\plugins\taskbook\includes\CMB2\includes\CMB2.php on line 1553
[05-Jul-2023 19:42:33 UTC] PHP Warning:  Undefined array key "type" in D:\wordpress\wp-local\headless-cms\app\public\wp-content\plugins\taskbook\includes\CMB2\includes\CMB2.php on line 1553
[05-Jul-2023 19:42:38 UTC] PHP Warning:  Undefined array key "type" in D:\wordpress\wp-local\headless-cms\app\public\wp-content\plugins\taskbook\includes\CMB2\includes\CMB2.php on line 1553
[05-Jul-2023 19:43:28 UTC] PHP Warning:  Undefined array key "type" in D:\wordpress\wp-local\headless-cms\app\public\wp-content\plugins\taskbook\includes\CMB2\includes\CMB2.php on line 1553
[05-Jul-2023 19:44:39 UTC] PHP Warning:  Undefined array key "type" in D:\wordpress\wp-local\headless-cms\app\public\wp-content\plugins\taskbook\includes\CMB2\includes\CMB2.php on line 1553
[05-Jul-2023 19:45:29 UTC] PHP Warning:  Undefined array key "type" in D:\wordpress\wp-local\headless-cms\app\public\wp-content\plugins\taskbook\includes\CMB2\includes\CMB2.php on line 1553
[05-Jul-2023 19:45:30 UTC] PHP Warning:  Undefined array key "type" in D:\wordpress\wp-local\headless-cms\app\public\wp-content\plugins\taskbook\includes\CMB2\includes\CMB2.php on line 1553
[05-Jul-2023 19:46:37 UTC] PHP Warning:  Undefined array key "type" in D:\wordpress\wp-local\headless-cms\app\public\wp-content\plugins\taskbook\includes\CMB2\includes\CMB2.php on line 1553
[05-Jul-2023 19:46:40 UTC] PHP Warning:  Undefined array key "type" in D:\wordpress\wp-local\headless-cms\app\public\wp-content\plugins\taskbook\includes\CMB2\includes\CMB2.php on line 1553
[05-Jul-2023 19:47:37 UTC] PHP Warning:  Undefined array key "type" in D:\wordpress\wp-local\headless-cms\app\public\wp-content\plugins\taskbook\includes\CMB2\includes\CMB2.php on line 1553
